{"D:\\code\\gopherwood\\platypus\\src\\AABB.js": {"path":"D:\\code\\gopherwood\\platypus\\src\\AABB.js","statementMap":{"0":{"start":{"line":33,"column":11},"end":{"line":40,"column":5}},"1":{"start":{"line":34,"column":8},"end":{"line":39,"column":9}},"2":{"start":{"line":35,"column":12},"end":{"line":35,"column":24}},"3":{"start":{"line":37,"column":12},"end":{"line":37,"column":30}},"4":{"start":{"line":38,"column":12},"end":{"line":38,"column":45}},"5":{"start":{"line":41,"column":12},"end":{"line":41,"column":26}},"6":{"start":{"line":130,"column":0},"end":{"line":137,"column":2}},"7":{"start":{"line":131,"column":4},"end":{"line":131,"column":23}},"8":{"start":{"line":132,"column":4},"end":{"line":132,"column":15}},"9":{"start":{"line":133,"column":4},"end":{"line":133,"column":15}},"10":{"start":{"line":134,"column":4},"end":{"line":134,"column":31}},"11":{"start":{"line":136,"column":4},"end":{"line":136,"column":16}},"12":{"start":{"line":152,"column":0},"end":{"line":170,"column":2}},"13":{"start":{"line":153,"column":4},"end":{"line":153,"column":23}},"14":{"start":{"line":155,"column":4},"end":{"line":155,"column":21}},"15":{"start":{"line":156,"column":4},"end":{"line":156,"column":19}},"16":{"start":{"line":157,"column":4},"end":{"line":157,"column":23}},"17":{"start":{"line":158,"column":4},"end":{"line":158,"column":25}},"18":{"start":{"line":160,"column":4},"end":{"line":160,"column":30}},"19":{"start":{"line":161,"column":4},"end":{"line":161,"column":31}},"20":{"start":{"line":163,"column":4},"end":{"line":163,"column":36}},"21":{"start":{"line":164,"column":4},"end":{"line":164,"column":38}},"22":{"start":{"line":166,"column":4},"end":{"line":166,"column":35}},"23":{"start":{"line":167,"column":4},"end":{"line":167,"column":35}},"24":{"start":{"line":169,"column":4},"end":{"line":169,"column":16}},"25":{"start":{"line":179,"column":0},"end":{"line":198,"column":2}},"26":{"start":{"line":180,"column":4},"end":{"line":180,"column":28}},"27":{"start":{"line":182,"column":4},"end":{"line":182,"column":20}},"28":{"start":{"line":183,"column":4},"end":{"line":183,"column":20}},"29":{"start":{"line":185,"column":4},"end":{"line":185,"column":28}},"30":{"start":{"line":186,"column":4},"end":{"line":186,"column":30}},"31":{"start":{"line":188,"column":4},"end":{"line":188,"column":36}},"32":{"start":{"line":189,"column":4},"end":{"line":189,"column":38}},"33":{"start":{"line":191,"column":4},"end":{"line":191,"column":26}},"34":{"start":{"line":192,"column":4},"end":{"line":192,"column":28}},"35":{"start":{"line":194,"column":4},"end":{"line":194,"column":24}},"36":{"start":{"line":195,"column":4},"end":{"line":195,"column":30}},"37":{"start":{"line":197,"column":4},"end":{"line":197,"column":16}},"38":{"start":{"line":206,"column":0},"end":{"line":208,"column":2}},"39":{"start":{"line":207,"column":4},"end":{"line":207,"column":93}},"40":{"start":{"line":219,"column":0},"end":{"line":223,"column":2}},"41":{"start":{"line":220,"column":4},"end":{"line":220,"column":22}},"42":{"start":{"line":222,"column":4},"end":{"line":222,"column":16}},"43":{"start":{"line":233,"column":0},"end":{"line":238,"column":2}},"44":{"start":{"line":234,"column":4},"end":{"line":234,"column":25}},"45":{"start":{"line":235,"column":4},"end":{"line":235,"column":27}},"46":{"start":{"line":237,"column":4},"end":{"line":237,"column":16}},"47":{"start":{"line":248,"column":0},"end":{"line":270,"column":2}},"48":{"start":{"line":249,"column":4},"end":{"line":267,"column":5}},"49":{"start":{"line":250,"column":8},"end":{"line":250,"column":23}},"50":{"start":{"line":252,"column":8},"end":{"line":254,"column":9}},"51":{"start":{"line":253,"column":12},"end":{"line":253,"column":36}},"52":{"start":{"line":256,"column":8},"end":{"line":258,"column":9}},"53":{"start":{"line":257,"column":12},"end":{"line":257,"column":38}},"54":{"start":{"line":260,"column":8},"end":{"line":262,"column":9}},"55":{"start":{"line":261,"column":12},"end":{"line":261,"column":34}},"56":{"start":{"line":264,"column":8},"end":{"line":266,"column":9}},"57":{"start":{"line":265,"column":12},"end":{"line":265,"column":40}},"58":{"start":{"line":269,"column":4},"end":{"line":269,"column":16}},"59":{"start":{"line":279,"column":0},"end":{"line":308,"column":2}},"60":{"start":{"line":280,"column":4},"end":{"line":305,"column":7}},"61":{"start":{"line":281,"column":8},"end":{"line":304,"column":9}},"62":{"start":{"line":282,"column":12},"end":{"line":282,"column":31}},"63":{"start":{"line":284,"column":12},"end":{"line":284,"column":23}},"64":{"start":{"line":285,"column":12},"end":{"line":285,"column":23}},"65":{"start":{"line":287,"column":12},"end":{"line":287,"column":26}},"66":{"start":{"line":289,"column":12},"end":{"line":291,"column":13}},"67":{"start":{"line":290,"column":16},"end":{"line":290,"column":32}},"68":{"start":{"line":293,"column":12},"end":{"line":295,"column":13}},"69":{"start":{"line":294,"column":16},"end":{"line":294,"column":33}},"70":{"start":{"line":297,"column":12},"end":{"line":299,"column":13}},"71":{"start":{"line":298,"column":16},"end":{"line":298,"column":31}},"72":{"start":{"line":301,"column":12},"end":{"line":303,"column":13}},"73":{"start":{"line":302,"column":16},"end":{"line":302,"column":34}},"74":{"start":{"line":307,"column":4},"end":{"line":307,"column":16}},"75":{"start":{"line":318,"column":0},"end":{"line":323,"column":2}},"76":{"start":{"line":319,"column":4},"end":{"line":319,"column":18}},"77":{"start":{"line":320,"column":4},"end":{"line":320,"column":18}},"78":{"start":{"line":322,"column":4},"end":{"line":322,"column":16}},"79":{"start":{"line":332,"column":0},"end":{"line":339,"column":2}},"80":{"start":{"line":333,"column":4},"end":{"line":333,"column":15}},"81":{"start":{"line":335,"column":4},"end":{"line":335,"column":35}},"82":{"start":{"line":336,"column":4},"end":{"line":336,"column":36}},"83":{"start":{"line":338,"column":4},"end":{"line":338,"column":16}},"84":{"start":{"line":348,"column":0},"end":{"line":355,"column":2}},"85":{"start":{"line":349,"column":4},"end":{"line":349,"column":15}},"86":{"start":{"line":351,"column":4},"end":{"line":351,"column":35}},"87":{"start":{"line":352,"column":4},"end":{"line":352,"column":38}},"88":{"start":{"line":354,"column":4},"end":{"line":354,"column":16}},"89":{"start":{"line":364,"column":0},"end":{"line":366,"column":2}},"90":{"start":{"line":365,"column":4},"end":{"line":365,"column":39}},"91":{"start":{"line":375,"column":0},"end":{"line":377,"column":2}},"92":{"start":{"line":376,"column":4},"end":{"line":376,"column":39}},"93":{"start":{"line":386,"column":0},"end":{"line":400,"column":2}},"94":{"start":{"line":387,"column":15},"end":{"line":387,"column":24}},"95":{"start":{"line":389,"column":4},"end":{"line":389,"column":23}},"96":{"start":{"line":390,"column":4},"end":{"line":390,"column":24}},"97":{"start":{"line":392,"column":4},"end":{"line":397,"column":5}},"98":{"start":{"line":393,"column":8},"end":{"line":393,"column":32}},"99":{"start":{"line":394,"column":8},"end":{"line":394,"column":33}},"100":{"start":{"line":396,"column":8},"end":{"line":396,"column":26}},"101":{"start":{"line":399,"column":4},"end":{"line":399,"column":16}},"102":{"start":{"line":409,"column":0},"end":{"line":423,"column":2}},"103":{"start":{"line":410,"column":15},"end":{"line":410,"column":25}},"104":{"start":{"line":412,"column":4},"end":{"line":412,"column":25}},"105":{"start":{"line":413,"column":4},"end":{"line":413,"column":25}},"106":{"start":{"line":415,"column":4},"end":{"line":420,"column":5}},"107":{"start":{"line":416,"column":8},"end":{"line":416,"column":31}},"108":{"start":{"line":417,"column":8},"end":{"line":417,"column":34}},"109":{"start":{"line":419,"column":8},"end":{"line":419,"column":26}},"110":{"start":{"line":422,"column":4},"end":{"line":422,"column":16}},"111":{"start":{"line":434,"column":0},"end":{"line":447,"column":2}},"112":{"start":{"line":436,"column":16},"end":{"line":436,"column":33}},"113":{"start":{"line":437,"column":13},"end":{"line":437,"column":22}},"114":{"start":{"line":439,"column":4},"end":{"line":439,"column":21}},"115":{"start":{"line":441,"column":4},"end":{"line":441,"column":23}},"116":{"start":{"line":442,"column":4},"end":{"line":442,"column":24}},"117":{"start":{"line":444,"column":4},"end":{"line":444,"column":23}},"118":{"start":{"line":446,"column":4},"end":{"line":446,"column":16}},"119":{"start":{"line":458,"column":0},"end":{"line":471,"column":2}},"120":{"start":{"line":460,"column":16},"end":{"line":460,"column":33}},"121":{"start":{"line":461,"column":13},"end":{"line":461,"column":22}},"122":{"start":{"line":463,"column":4},"end":{"line":463,"column":23}},"123":{"start":{"line":465,"column":4},"end":{"line":465,"column":23}},"124":{"start":{"line":466,"column":4},"end":{"line":466,"column":24}},"125":{"start":{"line":468,"column":4},"end":{"line":468,"column":28}},"126":{"start":{"line":470,"column":4},"end":{"line":470,"column":16}},"127":{"start":{"line":482,"column":0},"end":{"line":495,"column":2}},"128":{"start":{"line":484,"column":17},"end":{"line":484,"column":34}},"129":{"start":{"line":485,"column":13},"end":{"line":485,"column":23}},"130":{"start":{"line":487,"column":4},"end":{"line":487,"column":19}},"131":{"start":{"line":489,"column":4},"end":{"line":489,"column":25}},"132":{"start":{"line":490,"column":4},"end":{"line":490,"column":25}},"133":{"start":{"line":492,"column":4},"end":{"line":492,"column":22}},"134":{"start":{"line":494,"column":4},"end":{"line":494,"column":16}},"135":{"start":{"line":506,"column":0},"end":{"line":519,"column":2}},"136":{"start":{"line":508,"column":17},"end":{"line":508,"column":34}},"137":{"start":{"line":509,"column":13},"end":{"line":509,"column":23}},"138":{"start":{"line":511,"column":4},"end":{"line":511,"column":25}},"139":{"start":{"line":513,"column":4},"end":{"line":513,"column":25}},"140":{"start":{"line":514,"column":4},"end":{"line":514,"column":25}},"141":{"start":{"line":516,"column":4},"end":{"line":516,"column":27}},"142":{"start":{"line":518,"column":4},"end":{"line":518,"column":16}},"143":{"start":{"line":528,"column":0},"end":{"line":535,"column":2}},"144":{"start":{"line":529,"column":4},"end":{"line":534,"column":38}},"145":{"start":{"line":544,"column":0},"end":{"line":549,"column":2}},"146":{"start":{"line":545,"column":4},"end":{"line":548,"column":35}},"147":{"start":{"line":558,"column":0},"end":{"line":560,"column":2}},"148":{"start":{"line":559,"column":4},"end":{"line":559,"column":50}},"149":{"start":{"line":572,"column":0},"end":{"line":577,"column":2}},"150":{"start":{"line":573,"column":4},"end":{"line":576,"column":26}},"151":{"start":{"line":588,"column":0},"end":{"line":593,"column":2}},"152":{"start":{"line":589,"column":4},"end":{"line":592,"column":33}},"153":{"start":{"line":605,"column":0},"end":{"line":610,"column":2}},"154":{"start":{"line":606,"column":4},"end":{"line":609,"column":25}},"155":{"start":{"line":621,"column":0},"end":{"line":626,"column":2}},"156":{"start":{"line":622,"column":4},"end":{"line":625,"column":34}},"157":{"start":{"line":639,"column":0},"end":{"line":646,"column":2}},"158":{"start":{"line":640,"column":4},"end":{"line":645,"column":21}},"159":{"start":{"line":657,"column":0},"end":{"line":662,"column":2}},"160":{"start":{"line":658,"column":4},"end":{"line":661,"column":10}},"161":{"start":{"line":683,"column":0},"end":{"line":683,"column":44}}},"fnMap":{"0":{"name":"(anonymous_0)","decl":{"start":{"line":33,"column":11},"end":{"line":33,"column":19}},"loc":{"start":{"line":33,"column":42},"end":{"line":40,"column":5}},"line":33},"1":{"name":"(anonymous_1)","decl":{"start":{"line":130,"column":15},"end":{"line":130,"column":23}},"loc":{"start":{"line":130,"column":46},"end":{"line":137,"column":1}},"line":130},"2":{"name":"(anonymous_2)","decl":{"start":{"line":152,"column":18},"end":{"line":152,"column":26}},"loc":{"start":{"line":152,"column":54},"end":{"line":170,"column":1}},"line":152},"3":{"name":"(anonymous_3)","decl":{"start":{"line":179,"column":12},"end":{"line":179,"column":20}},"loc":{"start":{"line":179,"column":28},"end":{"line":198,"column":1}},"line":179},"4":{"name":"(anonymous_4)","decl":{"start":{"line":206,"column":17},"end":{"line":206,"column":25}},"loc":{"start":{"line":206,"column":29},"end":{"line":208,"column":1}},"line":206},"5":{"name":"(anonymous_5)","decl":{"start":{"line":219,"column":14},"end":{"line":219,"column":22}},"loc":{"start":{"line":219,"column":26},"end":{"line":223,"column":1}},"line":219},"6":{"name":"(anonymous_6)","decl":{"start":{"line":233,"column":15},"end":{"line":233,"column":23}},"loc":{"start":{"line":233,"column":48},"end":{"line":238,"column":1}},"line":233},"7":{"name":"(anonymous_7)","decl":{"start":{"line":248,"column":16},"end":{"line":248,"column":24}},"loc":{"start":{"line":248,"column":32},"end":{"line":270,"column":1}},"line":248},"8":{"name":"(anonymous_8)","decl":{"start":{"line":279,"column":22},"end":{"line":279,"column":30}},"loc":{"start":{"line":279,"column":41},"end":{"line":308,"column":1}},"line":279},"9":{"name":"(anonymous_9)","decl":{"start":{"line":280,"column":17},"end":{"line":280,"column":18}},"loc":{"start":{"line":280,"column":29},"end":{"line":305,"column":5}},"line":280},"10":{"name":"(anonymous_10)","decl":{"start":{"line":318,"column":13},"end":{"line":318,"column":21}},"loc":{"start":{"line":318,"column":29},"end":{"line":323,"column":1}},"line":318},"11":{"name":"(anonymous_11)","decl":{"start":{"line":332,"column":14},"end":{"line":332,"column":22}},"loc":{"start":{"line":332,"column":27},"end":{"line":339,"column":1}},"line":332},"12":{"name":"(anonymous_12)","decl":{"start":{"line":348,"column":14},"end":{"line":348,"column":22}},"loc":{"start":{"line":348,"column":27},"end":{"line":355,"column":1}},"line":348},"13":{"name":"(anonymous_13)","decl":{"start":{"line":364,"column":16},"end":{"line":364,"column":24}},"loc":{"start":{"line":364,"column":34},"end":{"line":366,"column":1}},"line":364},"14":{"name":"(anonymous_14)","decl":{"start":{"line":375,"column":16},"end":{"line":375,"column":24}},"loc":{"start":{"line":375,"column":34},"end":{"line":377,"column":1}},"line":375},"15":{"name":"(anonymous_15)","decl":{"start":{"line":386,"column":17},"end":{"line":386,"column":25}},"loc":{"start":{"line":386,"column":34},"end":{"line":400,"column":1}},"line":386},"16":{"name":"(anonymous_16)","decl":{"start":{"line":409,"column":18},"end":{"line":409,"column":26}},"loc":{"start":{"line":409,"column":36},"end":{"line":423,"column":1}},"line":409},"17":{"name":"(anonymous_17)","decl":{"start":{"line":434,"column":16},"end":{"line":434,"column":24}},"loc":{"start":{"line":434,"column":32},"end":{"line":447,"column":1}},"line":434},"18":{"name":"(anonymous_18)","decl":{"start":{"line":458,"column":17},"end":{"line":458,"column":25}},"loc":{"start":{"line":458,"column":34},"end":{"line":471,"column":1}},"line":458},"19":{"name":"(anonymous_19)","decl":{"start":{"line":482,"column":15},"end":{"line":482,"column":23}},"loc":{"start":{"line":482,"column":30},"end":{"line":495,"column":1}},"line":482},"20":{"name":"(anonymous_20)","decl":{"start":{"line":506,"column":18},"end":{"line":506,"column":26}},"loc":{"start":{"line":506,"column":36},"end":{"line":519,"column":1}},"line":506},"21":{"name":"(anonymous_21)","decl":{"start":{"line":528,"column":15},"end":{"line":528,"column":23}},"loc":{"start":{"line":528,"column":31},"end":{"line":535,"column":1}},"line":528},"22":{"name":"(anonymous_22)","decl":{"start":{"line":544,"column":17},"end":{"line":544,"column":25}},"loc":{"start":{"line":544,"column":33},"end":{"line":549,"column":1}},"line":544},"23":{"name":"(anonymous_23)","decl":{"start":{"line":558,"column":23},"end":{"line":558,"column":31}},"loc":{"start":{"line":558,"column":41},"end":{"line":560,"column":1}},"line":558},"24":{"name":"(anonymous_24)","decl":{"start":{"line":572,"column":22},"end":{"line":572,"column":30}},"loc":{"start":{"line":572,"column":38},"end":{"line":577,"column":1}},"line":572},"25":{"name":"(anonymous_25)","decl":{"start":{"line":588,"column":17},"end":{"line":588,"column":25}},"loc":{"start":{"line":588,"column":33},"end":{"line":593,"column":1}},"line":588},"26":{"name":"(anonymous_26)","decl":{"start":{"line":605,"column":22},"end":{"line":605,"column":30}},"loc":{"start":{"line":605,"column":38},"end":{"line":610,"column":1}},"line":605},"27":{"name":"(anonymous_27)","decl":{"start":{"line":621,"column":19},"end":{"line":621,"column":27}},"loc":{"start":{"line":621,"column":35},"end":{"line":626,"column":1}},"line":621},"28":{"name":"(anonymous_28)","decl":{"start":{"line":639,"column":24},"end":{"line":639,"column":32}},"loc":{"start":{"line":639,"column":40},"end":{"line":646,"column":1}},"line":639},"29":{"name":"(anonymous_29)","decl":{"start":{"line":657,"column":28},"end":{"line":657,"column":36}},"loc":{"start":{"line":657,"column":44},"end":{"line":662,"column":1}},"line":657}},"branchMap":{"0":{"loc":{"start":{"line":34,"column":8},"end":{"line":39,"column":9}},"type":"if","locations":[{"start":{"line":34,"column":8},"end":{"line":39,"column":9}},{"start":{"line":36,"column":15},"end":{"line":39,"column":9}}],"line":34},"1":{"loc":{"start":{"line":233,"column":25},"end":{"line":233,"column":34}},"type":"default-arg","locations":[{"start":{"line":233,"column":33},"end":{"line":233,"column":34}}],"line":233},"2":{"loc":{"start":{"line":233,"column":36},"end":{"line":233,"column":46}},"type":"default-arg","locations":[{"start":{"line":233,"column":45},"end":{"line":233,"column":46}}],"line":233},"3":{"loc":{"start":{"line":249,"column":4},"end":{"line":267,"column":5}},"type":"if","locations":[{"start":{"line":249,"column":4},"end":{"line":267,"column":5}},{"start":{"line":251,"column":11},"end":{"line":267,"column":5}}],"line":249},"4":{"loc":{"start":{"line":252,"column":8},"end":{"line":254,"column":9}},"type":"if","locations":[{"start":{"line":252,"column":8},"end":{"line":254,"column":9}},{"start":{},"end":{}}],"line":252},"5":{"loc":{"start":{"line":256,"column":8},"end":{"line":258,"column":9}},"type":"if","locations":[{"start":{"line":256,"column":8},"end":{"line":258,"column":9}},{"start":{},"end":{}}],"line":256},"6":{"loc":{"start":{"line":260,"column":8},"end":{"line":262,"column":9}},"type":"if","locations":[{"start":{"line":260,"column":8},"end":{"line":262,"column":9}},{"start":{},"end":{}}],"line":260},"7":{"loc":{"start":{"line":264,"column":8},"end":{"line":266,"column":9}},"type":"if","locations":[{"start":{"line":264,"column":8},"end":{"line":266,"column":9}},{"start":{},"end":{}}],"line":264},"8":{"loc":{"start":{"line":281,"column":8},"end":{"line":304,"column":9}},"type":"if","locations":[{"start":{"line":281,"column":8},"end":{"line":304,"column":9}},{"start":{"line":288,"column":15},"end":{"line":304,"column":9}}],"line":281},"9":{"loc":{"start":{"line":289,"column":12},"end":{"line":291,"column":13}},"type":"if","locations":[{"start":{"line":289,"column":12},"end":{"line":291,"column":13}},{"start":{},"end":{}}],"line":289},"10":{"loc":{"start":{"line":293,"column":12},"end":{"line":295,"column":13}},"type":"if","locations":[{"start":{"line":293,"column":12},"end":{"line":295,"column":13}},{"start":{},"end":{}}],"line":293},"11":{"loc":{"start":{"line":297,"column":12},"end":{"line":299,"column":13}},"type":"if","locations":[{"start":{"line":297,"column":12},"end":{"line":299,"column":13}},{"start":{},"end":{}}],"line":297},"12":{"loc":{"start":{"line":301,"column":12},"end":{"line":303,"column":13}},"type":"if","locations":[{"start":{"line":301,"column":12},"end":{"line":303,"column":13}},{"start":{},"end":{}}],"line":301},"13":{"loc":{"start":{"line":392,"column":4},"end":{"line":397,"column":5}},"type":"if","locations":[{"start":{"line":392,"column":4},"end":{"line":397,"column":5}},{"start":{"line":395,"column":11},"end":{"line":397,"column":5}}],"line":392},"14":{"loc":{"start":{"line":415,"column":4},"end":{"line":420,"column":5}},"type":"if","locations":[{"start":{"line":415,"column":4},"end":{"line":420,"column":5}},{"start":{"line":418,"column":11},"end":{"line":420,"column":5}}],"line":415},"15":{"loc":{"start":{"line":529,"column":11},"end":{"line":534,"column":37}},"type":"binary-expr","locations":[{"start":{"line":529,"column":11},"end":{"line":529,"column":22}},{"start":{"line":530,"column":8},"end":{"line":530,"column":19}},{"start":{"line":531,"column":9},"end":{"line":531,"column":32}},{"start":{"line":532,"column":9},"end":{"line":532,"column":30}},{"start":{"line":533,"column":9},"end":{"line":533,"column":34}},{"start":{"line":534,"column":9},"end":{"line":534,"column":36}}],"line":529},"16":{"loc":{"start":{"line":545,"column":11},"end":{"line":548,"column":34}},"type":"binary-expr","locations":[{"start":{"line":545,"column":12},"end":{"line":545,"column":32}},{"start":{"line":546,"column":9},"end":{"line":546,"column":35}},{"start":{"line":547,"column":9},"end":{"line":547,"column":31}},{"start":{"line":548,"column":9},"end":{"line":548,"column":33}}],"line":545},"17":{"loc":{"start":{"line":573,"column":11},"end":{"line":576,"column":25}},"type":"binary-expr","locations":[{"start":{"line":573,"column":12},"end":{"line":573,"column":25}},{"start":{"line":574,"column":9},"end":{"line":574,"column":25}},{"start":{"line":575,"column":9},"end":{"line":575,"column":23}},{"start":{"line":576,"column":9},"end":{"line":576,"column":24}}],"line":573},"18":{"loc":{"start":{"line":589,"column":11},"end":{"line":592,"column":32}},"type":"binary-expr","locations":[{"start":{"line":589,"column":12},"end":{"line":589,"column":34}},{"start":{"line":590,"column":9},"end":{"line":590,"column":31}},{"start":{"line":591,"column":9},"end":{"line":591,"column":31}},{"start":{"line":592,"column":9},"end":{"line":592,"column":31}}],"line":589},"19":{"loc":{"start":{"line":606,"column":11},"end":{"line":609,"column":24}},"type":"binary-expr","locations":[{"start":{"line":606,"column":12},"end":{"line":606,"column":24}},{"start":{"line":607,"column":9},"end":{"line":607,"column":24}},{"start":{"line":608,"column":9},"end":{"line":608,"column":22}},{"start":{"line":609,"column":9},"end":{"line":609,"column":23}}],"line":606},"20":{"loc":{"start":{"line":622,"column":11},"end":{"line":625,"column":33}},"type":"binary-expr","locations":[{"start":{"line":622,"column":12},"end":{"line":622,"column":35}},{"start":{"line":623,"column":9},"end":{"line":623,"column":32}},{"start":{"line":624,"column":9},"end":{"line":624,"column":32}},{"start":{"line":625,"column":9},"end":{"line":625,"column":32}}],"line":622},"21":{"loc":{"start":{"line":640,"column":11},"end":{"line":645,"column":20}},"type":"cond-expr","locations":[{"start":{"line":640,"column":35},"end":{"line":645,"column":5}},{"start":{"line":645,"column":8},"end":{"line":645,"column":20}}],"line":640},"22":{"loc":{"start":{"line":658,"column":11},"end":{"line":661,"column":9}},"type":"cond-expr","locations":[{"start":{"line":659,"column":8},"end":{"line":660,"column":75}},{"start":{"line":661,"column":8},"end":{"line":661,"column":9}}],"line":658}},"s":{"0":2,"1":62,"2":9,"3":53,"4":53,"5":2,"6":2,"7":59,"8":59,"9":59,"10":59,"11":59,"12":2,"13":4,"14":4,"15":4,"16":4,"17":4,"18":4,"19":4,"20":4,"21":4,"22":4,"23":4,"24":4,"25":2,"26":11,"27":11,"28":11,"29":11,"30":11,"31":11,"32":11,"33":11,"34":11,"35":11,"36":11,"37":11,"38":2,"39":0,"40":2,"41":0,"42":0,"43":2,"44":60,"45":60,"46":60,"47":2,"48":1,"49":0,"50":1,"51":0,"52":1,"53":1,"54":1,"55":0,"56":1,"57":0,"58":1,"59":2,"60":0,"61":0,"62":0,"63":0,"64":0,"65":0,"66":0,"67":0,"68":0,"69":0,"70":0,"71":0,"72":0,"73":0,"74":0,"75":2,"76":1,"77":1,"78":1,"79":2,"80":7,"81":7,"82":7,"83":7,"84":2,"85":3,"86":3,"87":3,"88":3,"89":2,"90":4,"91":2,"92":0,"93":2,"94":60,"95":60,"96":60,"97":60,"98":46,"99":46,"100":14,"101":60,"102":2,"103":60,"104":60,"105":60,"106":60,"107":46,"108":46,"109":14,"110":60,"111":2,"112":0,"113":0,"114":0,"115":0,"116":0,"117":0,"118":0,"119":2,"120":1,"121":1,"122":1,"123":1,"124":1,"125":1,"126":1,"127":2,"128":0,"129":0,"130":0,"131":0,"132":0,"133":0,"134":0,"135":2,"136":0,"137":0,"138":0,"139":0,"140":0,"141":0,"142":0,"143":2,"144":0,"145":2,"146":0,"147":2,"148":0,"149":2,"150":3,"151":2,"152":2,"153":2,"154":0,"155":2,"156":4,"157":2,"158":1,"159":2,"160":1,"161":2},"f":{"0":62,"1":59,"2":4,"3":11,"4":0,"5":0,"6":60,"7":1,"8":0,"9":0,"10":1,"11":7,"12":3,"13":4,"14":0,"15":60,"16":60,"17":0,"18":1,"19":0,"20":0,"21":0,"22":0,"23":0,"24":3,"25":2,"26":0,"27":4,"28":1,"29":1},"b":{"0":[9,53],"1":[60],"2":[60],"3":[0,1],"4":[0,1],"5":[1,0],"6":[0,1],"7":[0,1],"8":[0,0],"9":[0,0],"10":[0,0],"11":[0,0],"12":[0,0],"13":[46,14],"14":[46,14],"15":[0,0,0,0,0,0],"16":[0,0,0,0],"17":[3,3,3,3],"18":[2,2,2,2],"19":[0,0,0,0],"20":[4,4,3,3],"21":[0,1],"22":[1,0]},"meta":{"lastBranch":23,"lastFunction":30,"lastStatement":162,"seen":{"s:33:11:40:5":0,"f:33:11:33:19":0,"b:34:8:39:9:36:15:39:9":0,"s:34:8:39:9":1,"s:35:12:35:24":2,"s:37:12:37:30":3,"s:38:12:38:45":4,"s:41:12:41:26":5,"s:130:0:137:2":6,"f:130:15:130:23":1,"s:131:4:131:23":7,"s:132:4:132:15":8,"s:133:4:133:15":9,"s:134:4:134:31":10,"s:136:4:136:16":11,"s:152:0:170:2":12,"f:152:18:152:26":2,"s:153:4:153:23":13,"s:155:4:155:21":14,"s:156:4:156:19":15,"s:157:4:157:23":16,"s:158:4:158:25":17,"s:160:4:160:30":18,"s:161:4:161:31":19,"s:163:4:163:36":20,"s:164:4:164:38":21,"s:166:4:166:35":22,"s:167:4:167:35":23,"s:169:4:169:16":24,"s:179:0:198:2":25,"f:179:12:179:20":3,"s:180:4:180:28":26,"s:182:4:182:20":27,"s:183:4:183:20":28,"s:185:4:185:28":29,"s:186:4:186:30":30,"s:188:4:188:36":31,"s:189:4:189:38":32,"s:191:4:191:26":33,"s:192:4:192:28":34,"s:194:4:194:24":35,"s:195:4:195:30":36,"s:197:4:197:16":37,"s:206:0:208:2":38,"f:206:17:206:25":4,"s:207:4:207:93":39,"s:219:0:223:2":40,"f:219:14:219:22":5,"s:220:4:220:22":41,"s:222:4:222:16":42,"s:233:0:238:2":43,"f:233:15:233:23":6,"b:233:33:233:34":1,"b:233:45:233:46":2,"s:234:4:234:25":44,"s:235:4:235:27":45,"s:237:4:237:16":46,"s:248:0:270:2":47,"f:248:16:248:24":7,"b:249:4:267:5:251:11:267:5":3,"s:249:4:267:5":48,"s:250:8:250:23":49,"b:252:8:254:9:undefined:undefined:undefined:undefined":4,"s:252:8:254:9":50,"s:253:12:253:36":51,"b:256:8:258:9:undefined:undefined:undefined:undefined":5,"s:256:8:258:9":52,"s:257:12:257:38":53,"b:260:8:262:9:undefined:undefined:undefined:undefined":6,"s:260:8:262:9":54,"s:261:12:261:34":55,"b:264:8:266:9:undefined:undefined:undefined:undefined":7,"s:264:8:266:9":56,"s:265:12:265:40":57,"s:269:4:269:16":58,"s:279:0:308:2":59,"f:279:22:279:30":8,"s:280:4:305:7":60,"f:280:17:280:18":9,"b:281:8:304:9:288:15:304:9":8,"s:281:8:304:9":61,"s:282:12:282:31":62,"s:284:12:284:23":63,"s:285:12:285:23":64,"s:287:12:287:26":65,"b:289:12:291:13:undefined:undefined:undefined:undefined":9,"s:289:12:291:13":66,"s:290:16:290:32":67,"b:293:12:295:13:undefined:undefined:undefined:undefined":10,"s:293:12:295:13":68,"s:294:16:294:33":69,"b:297:12:299:13:undefined:undefined:undefined:undefined":11,"s:297:12:299:13":70,"s:298:16:298:31":71,"b:301:12:303:13:undefined:undefined:undefined:undefined":12,"s:301:12:303:13":72,"s:302:16:302:34":73,"s:307:4:307:16":74,"s:318:0:323:2":75,"f:318:13:318:21":10,"s:319:4:319:18":76,"s:320:4:320:18":77,"s:322:4:322:16":78,"s:332:0:339:2":79,"f:332:14:332:22":11,"s:333:4:333:15":80,"s:335:4:335:35":81,"s:336:4:336:36":82,"s:338:4:338:16":83,"s:348:0:355:2":84,"f:348:14:348:22":12,"s:349:4:349:15":85,"s:351:4:351:35":86,"s:352:4:352:38":87,"s:354:4:354:16":88,"s:364:0:366:2":89,"f:364:16:364:24":13,"s:365:4:365:39":90,"s:375:0:377:2":91,"f:375:16:375:24":14,"s:376:4:376:39":92,"s:386:0:400:2":93,"f:386:17:386:25":15,"s:387:15:387:24":94,"s:389:4:389:23":95,"s:390:4:390:24":96,"b:392:4:397:5:395:11:397:5":13,"s:392:4:397:5":97,"s:393:8:393:32":98,"s:394:8:394:33":99,"s:396:8:396:26":100,"s:399:4:399:16":101,"s:409:0:423:2":102,"f:409:18:409:26":16,"s:410:15:410:25":103,"s:412:4:412:25":104,"s:413:4:413:25":105,"b:415:4:420:5:418:11:420:5":14,"s:415:4:420:5":106,"s:416:8:416:31":107,"s:417:8:417:34":108,"s:419:8:419:26":109,"s:422:4:422:16":110,"s:434:0:447:2":111,"f:434:16:434:24":17,"s:436:16:436:33":112,"s:437:13:437:22":113,"s:439:4:439:21":114,"s:441:4:441:23":115,"s:442:4:442:24":116,"s:444:4:444:23":117,"s:446:4:446:16":118,"s:458:0:471:2":119,"f:458:17:458:25":18,"s:460:16:460:33":120,"s:461:13:461:22":121,"s:463:4:463:23":122,"s:465:4:465:23":123,"s:466:4:466:24":124,"s:468:4:468:28":125,"s:470:4:470:16":126,"s:482:0:495:2":127,"f:482:15:482:23":19,"s:484:17:484:34":128,"s:485:13:485:23":129,"s:487:4:487:19":130,"s:489:4:489:25":131,"s:490:4:490:25":132,"s:492:4:492:22":133,"s:494:4:494:16":134,"s:506:0:519:2":135,"f:506:18:506:26":20,"s:508:17:508:34":136,"s:509:13:509:23":137,"s:511:4:511:25":138,"s:513:4:513:25":139,"s:514:4:514:25":140,"s:516:4:516:27":141,"s:518:4:518:16":142,"s:528:0:535:2":143,"f:528:15:528:23":21,"s:529:4:534:38":144,"b:529:11:529:22:530:8:530:19:531:9:531:32:532:9:532:30:533:9:533:34:534:9:534:36":15,"s:544:0:549:2":145,"f:544:17:544:25":22,"s:545:4:548:35":146,"b:545:12:545:32:546:9:546:35:547:9:547:31:548:9:548:33":16,"s:558:0:560:2":147,"f:558:23:558:31":23,"s:559:4:559:50":148,"s:572:0:577:2":149,"f:572:22:572:30":24,"s:573:4:576:26":150,"b:573:12:573:25:574:9:574:25:575:9:575:23:576:9:576:24":17,"s:588:0:593:2":151,"f:588:17:588:25":25,"s:589:4:592:33":152,"b:589:12:589:34:590:9:590:31:591:9:591:31:592:9:592:31":18,"s:605:0:610:2":153,"f:605:22:605:30":26,"s:606:4:609:25":154,"b:606:12:606:24:607:9:607:24:608:9:608:22:609:9:609:23":19,"s:621:0:626:2":155,"f:621:19:621:27":27,"s:622:4:625:34":156,"b:622:12:622:35:623:9:623:32:624:9:624:32:625:9:625:32":20,"s:639:0:646:2":157,"f:639:24:639:32":28,"s:640:4:645:21":158,"b:640:35:645:5:645:8:645:20":21,"s:657:0:662:2":159,"f:657:28:657:36":29,"s:658:4:661:10":160,"b:659:8:660:75:661:8:661:9":22,"s:683:0:683:44":161}}}
,"D:\\code\\gopherwood\\platypus\\src\\Component.js": {"path":"D:\\code\\gopherwood\\platypus\\src\\Component.js","statementMap":{"0":{"start":{"line":22,"column":8},"end":{"line":22,"column":25}},"1":{"start":{"line":23,"column":8},"end":{"line":23,"column":27}},"2":{"start":{"line":24,"column":8},"end":{"line":24,"column":21}},"3":{"start":{"line":25,"column":8},"end":{"line":25,"column":42}},"4":{"start":{"line":26,"column":8},"end":{"line":29,"column":10}},"5":{"start":{"line":54,"column":8},"end":{"line":54,"column":47}},"6":{"start":{"line":64,"column":8},"end":{"line":86,"column":9}},"7":{"start":{"line":66,"column":32},"end":{"line":66,"column":50}},"8":{"start":{"line":67,"column":23},"end":{"line":67,"column":49}},"9":{"start":{"line":68,"column":20},"end":{"line":68,"column":31}},"10":{"start":{"line":71,"column":12},"end":{"line":73,"column":13}},"11":{"start":{"line":72,"column":16},"end":{"line":72,"column":32}},"12":{"start":{"line":76,"column":12},"end":{"line":78,"column":13}},"13":{"start":{"line":77,"column":16},"end":{"line":77,"column":43}},"14":{"start":{"line":79,"column":12},"end":{"line":79,"column":41}},"15":{"start":{"line":81,"column":12},"end":{"line":81,"column":40}},"16":{"start":{"line":82,"column":12},"end":{"line":82,"column":53}},"17":{"start":{"line":83,"column":12},"end":{"line":83,"column":55}},"18":{"start":{"line":84,"column":12},"end":{"line":84,"column":36}},"19":{"start":{"line":85,"column":12},"end":{"line":85,"column":33}},"20":{"start":{"line":97,"column":8},"end":{"line":112,"column":9}},"21":{"start":{"line":99,"column":36},"end":{"line":99,"column":40}},"22":{"start":{"line":100,"column":37},"end":{"line":100,"column":45}},"23":{"start":{"line":101,"column":27},"end":{"line":101,"column":33}},"24":{"start":{"line":103,"column":12},"end":{"line":105,"column":13}},"25":{"start":{"line":103,"column":25},"end":{"line":103,"column":26}},"26":{"start":{"line":104,"column":16},"end":{"line":104,"column":50}},"27":{"start":{"line":106,"column":12},"end":{"line":106,"column":30}},"28":{"start":{"line":107,"column":12},"end":{"line":107,"column":32}},"29":{"start":{"line":109,"column":12},"end":{"line":111,"column":13}},"30":{"start":{"line":109,"column":25},"end":{"line":109,"column":26}},"31":{"start":{"line":110,"column":16},"end":{"line":110,"column":55}},"32":{"start":{"line":126,"column":22},"end":{"line":126,"column":41}},"33":{"start":{"line":128,"column":8},"end":{"line":128,"column":41}},"34":{"start":{"line":129,"column":8},"end":{"line":129,"column":45}},"35":{"start":{"line":130,"column":8},"end":{"line":130,"column":48}},"36":{"start":{"line":132,"column":8},"end":{"line":132,"column":23}},"37":{"start":{"line":145,"column":22},"end":{"line":145,"column":26}},"38":{"start":{"line":146,"column":23},"end":{"line":146,"column":28}},"39":{"start":{"line":147,"column":18},"end":{"line":152,"column":14}},"40":{"start":{"line":149,"column":30},"end":{"line":149,"column":75}},"41":{"start":{"line":151,"column":16},"end":{"line":151,"column":68}},"42":{"start":{"line":151,"column":29},"end":{"line":151,"column":67}},"43":{"start":{"line":154,"column":8},"end":{"line":156,"column":9}},"44":{"start":{"line":155,"column":12},"end":{"line":155,"column":65}},"45":{"start":{"line":158,"column":8},"end":{"line":161,"column":10}},"46":{"start":{"line":159,"column":12},"end":{"line":159,"column":38}},"47":{"start":{"line":159,"column":32},"end":{"line":159,"column":36}},"48":{"start":{"line":160,"column":12},"end":{"line":160,"column":65}},"49":{"start":{"line":173,"column":8},"end":{"line":178,"column":9}},"50":{"start":{"line":174,"column":12},"end":{"line":174,"column":124}},"51":{"start":{"line":176,"column":12},"end":{"line":176,"column":47}},"52":{"start":{"line":177,"column":12},"end":{"line":177,"column":44}},"53":{"start":{"line":191,"column":32},"end":{"line":191,"column":36}},"54":{"start":{"line":192,"column":33},"end":{"line":192,"column":41}},"55":{"start":{"line":194,"column":8},"end":{"line":200,"column":9}},"56":{"start":{"line":194,"column":21},"end":{"line":194,"column":38}},"57":{"start":{"line":195,"column":12},"end":{"line":199,"column":13}},"58":{"start":{"line":196,"column":16},"end":{"line":196,"column":46}},"59":{"start":{"line":197,"column":15},"end":{"line":197,"column":39}},"60":{"start":{"line":198,"column":15},"end":{"line":198,"column":41}},"61":{"start":{"line":211,"column":8},"end":{"line":215,"column":9}},"62":{"start":{"line":212,"column":12},"end":{"line":212,"column":108}},"63":{"start":{"line":214,"column":12},"end":{"line":214,"column":36}},"64":{"start":{"line":216,"column":8},"end":{"line":216,"column":40}},"65":{"start":{"line":229,"column":8},"end":{"line":229,"column":34}}},"fnMap":{"0":{"name":"constructor","decl":{"start":{"line":21,"column":4},"end":{"line":21,"column":15}},"loc":{"start":{"line":21,"column":34},"end":{"line":30,"column":5}},"line":21},"1":{"name":"initialize","decl":{"start":{"line":37,"column":4},"end":{"line":37,"column":14}},"loc":{"start":{"line":37,"column":18},"end":{"line":37,"column":20}},"line":37},"2":{"name":"toString","decl":{"start":{"line":53,"column":4},"end":{"line":53,"column":12}},"loc":{"start":{"line":53,"column":16},"end":{"line":55,"column":5}},"line":53},"3":{"name":"destroy","decl":{"start":{"line":63,"column":4},"end":{"line":63,"column":11}},"loc":{"start":{"line":63,"column":15},"end":{"line":87,"column":5}},"line":63},"4":{"name":"removeEventListeners","decl":{"start":{"line":96,"column":4},"end":{"line":96,"column":24}},"loc":{"start":{"line":96,"column":37},"end":{"line":113,"column":5}},"line":96},"5":{"name":"addEventListener","decl":{"start":{"line":124,"column":4},"end":{"line":124,"column":20}},"loc":{"start":{"line":124,"column":49},"end":{"line":133,"column":5}},"line":124},"6":{"name":"addEventListeners","decl":{"start":{"line":143,"column":4},"end":{"line":143,"column":21}},"loc":{"start":{"line":143,"column":37},"end":{"line":162,"column":5}},"line":143},"7":{"name":"(anonymous_7)","decl":{"start":{"line":147,"column":48},"end":{"line":147,"column":49}},"loc":{"start":{"line":147,"column":57},"end":{"line":152,"column":13}},"line":147},"8":{"name":"(anonymous_8)","decl":{"start":{"line":151,"column":23},"end":{"line":151,"column":24}},"loc":{"start":{"line":151,"column":29},"end":{"line":151,"column":67}},"line":151},"9":{"name":"(anonymous_9)","decl":{"start":{"line":158,"column":15},"end":{"line":158,"column":16}},"loc":{"start":{"line":158,"column":21},"end":{"line":161,"column":9}},"line":158},"10":{"name":"(anonymous_10)","decl":{"start":{"line":159,"column":24},"end":{"line":159,"column":25}},"loc":{"start":{"line":159,"column":32},"end":{"line":159,"column":36}},"line":159},"11":{"name":"addMethod","decl":{"start":{"line":172,"column":4},"end":{"line":172,"column":13}},"loc":{"start":{"line":172,"column":27},"end":{"line":179,"column":5}},"line":172},"12":{"name":"removeEventListener","decl":{"start":{"line":189,"column":4},"end":{"line":189,"column":23}},"loc":{"start":{"line":189,"column":42},"end":{"line":201,"column":5}},"line":189},"13":{"name":"removeMethod","decl":{"start":{"line":210,"column":4},"end":{"line":210,"column":16}},"loc":{"start":{"line":210,"column":24},"end":{"line":217,"column":5}},"line":210},"14":{"name":"getAssetList","decl":{"start":{"line":228,"column":11},"end":{"line":228,"column":23}},"loc":{"start":{"line":228,"column":27},"end":{"line":230,"column":5}},"line":228}},"branchMap":{"0":{"loc":{"start":{"line":64,"column":8},"end":{"line":86,"column":9}},"type":"if","locations":[{"start":{"line":64,"column":8},"end":{"line":86,"column":9}},{"start":{},"end":{}}],"line":64},"1":{"loc":{"start":{"line":71,"column":12},"end":{"line":73,"column":13}},"type":"if","locations":[{"start":{"line":71,"column":12},"end":{"line":73,"column":13}},{"start":{},"end":{}}],"line":71},"2":{"loc":{"start":{"line":97,"column":8},"end":{"line":112,"column":9}},"type":"if","locations":[{"start":{"line":97,"column":8},"end":{"line":112,"column":9}},{"start":{"line":108,"column":15},"end":{"line":112,"column":9}}],"line":97},"3":{"loc":{"start":{"line":154,"column":8},"end":{"line":156,"column":9}},"type":"if","locations":[{"start":{"line":154,"column":8},"end":{"line":156,"column":9}},{"start":{},"end":{}}],"line":154},"4":{"loc":{"start":{"line":173,"column":8},"end":{"line":178,"column":9}},"type":"if","locations":[{"start":{"line":173,"column":8},"end":{"line":178,"column":9}},{"start":{"line":175,"column":15},"end":{"line":178,"column":9}}],"line":173},"5":{"loc":{"start":{"line":195,"column":12},"end":{"line":199,"column":13}},"type":"if","locations":[{"start":{"line":195,"column":12},"end":{"line":199,"column":13}},{"start":{},"end":{}}],"line":195},"6":{"loc":{"start":{"line":195,"column":16},"end":{"line":195,"column":82}},"type":"binary-expr","locations":[{"start":{"line":195,"column":17},"end":{"line":195,"column":36}},{"start":{"line":195,"column":42},"end":{"line":195,"column":51}},{"start":{"line":195,"column":56},"end":{"line":195,"column":80}}],"line":195},"7":{"loc":{"start":{"line":211,"column":8},"end":{"line":215,"column":9}},"type":"if","locations":[{"start":{"line":211,"column":8},"end":{"line":215,"column":9}},{"start":{"line":213,"column":15},"end":{"line":215,"column":9}}],"line":211}},"s":{"0":23,"1":23,"2":23,"3":23,"4":23,"5":0,"6":1,"7":1,"8":1,"9":1,"10":1,"11":1,"12":1,"13":3,"14":1,"15":1,"16":1,"17":1,"18":1,"19":1,"20":1,"21":1,"22":1,"23":1,"24":1,"25":1,"26":14,"27":1,"28":1,"29":0,"30":0,"31":0,"32":210,"33":210,"34":210,"35":210,"36":210,"37":0,"38":0,"39":0,"40":0,"41":0,"42":0,"43":0,"44":0,"45":0,"46":0,"47":0,"48":0,"49":96,"50":0,"51":96,"52":96,"53":0,"54":0,"55":0,"56":0,"57":0,"58":0,"59":0,"60":0,"61":3,"62":0,"63":3,"64":3,"65":0},"f":{"0":23,"1":0,"2":0,"3":1,"4":1,"5":210,"6":0,"7":0,"8":0,"9":0,"10":0,"11":96,"12":0,"13":3,"14":2},"b":{"0":[1,0],"1":[1,0],"2":[1,0],"3":[0,0],"4":[0,96],"5":[0,0],"6":[0,0,0],"7":[0,3]},"meta":{"lastBranch":8,"lastFunction":15,"lastStatement":66,"seen":{"f:21:4:21:15":0,"s:22:8:22:25":0,"s:23:8:23:27":1,"s:24:8:24:21":2,"s:25:8:25:42":3,"s:26:8:29:10":4,"f:37:4:37:14":1,"f:53:4:53:12":2,"s:54:8:54:47":5,"f:63:4:63:11":3,"b:64:8:86:9:undefined:undefined:undefined:undefined":0,"s:64:8:86:9":6,"s:66:32:66:50":7,"s:67:23:67:49":8,"s:68:20:68:31":9,"b:71:12:73:13:undefined:undefined:undefined:undefined":1,"s:71:12:73:13":10,"s:72:16:72:32":11,"s:76:12:78:13":12,"s:77:16:77:43":13,"s:79:12:79:41":14,"s:81:12:81:40":15,"s:82:12:82:53":16,"s:83:12:83:55":17,"s:84:12:84:36":18,"s:85:12:85:33":19,"f:96:4:96:24":4,"b:97:8:112:9:108:15:112:9":2,"s:97:8:112:9":20,"s:99:36:99:40":21,"s:100:37:100:45":22,"s:101:27:101:33":23,"s:103:12:105:13":24,"s:103:25:103:26":25,"s:104:16:104:50":26,"s:106:12:106:30":27,"s:107:12:107:32":28,"s:109:12:111:13":29,"s:109:25:109:26":30,"s:110:16:110:55":31,"f:124:4:124:20":5,"s:126:22:126:41":32,"s:128:8:128:41":33,"s:129:8:129:45":34,"s:130:8:130:48":35,"s:132:8:132:23":36,"f:143:4:143:21":6,"s:145:22:145:26":37,"s:146:23:146:28":38,"s:147:18:152:14":39,"f:147:48:147:49":7,"s:149:30:149:75":40,"s:151:16:151:68":41,"f:151:23:151:24":8,"s:151:29:151:67":42,"b:154:8:156:9:undefined:undefined:undefined:undefined":3,"s:154:8:156:9":43,"s:155:12:155:65":44,"s:158:8:161:10":45,"f:158:15:158:16":9,"s:159:12:159:38":46,"f:159:24:159:25":10,"s:159:32:159:36":47,"s:160:12:160:65":48,"f:172:4:172:13":11,"b:173:8:178:9:175:15:178:9":4,"s:173:8:178:9":49,"s:174:12:174:124":50,"s:176:12:176:47":51,"s:177:12:177:44":52,"f:189:4:189:23":12,"s:191:32:191:36":53,"s:192:33:192:41":54,"s:194:8:200:9":55,"s:194:21:194:38":56,"b:195:12:199:13:undefined:undefined:undefined:undefined":5,"s:195:12:199:13":57,"b:195:17:195:36:195:42:195:51:195:56:195:80":6,"s:196:16:196:46":58,"s:197:15:197:39":59,"s:198:15:198:41":60,"f:210:4:210:16":13,"b:211:8:215:9:213:15:215:9":7,"s:211:8:215:9":61,"s:212:12:212:108":62,"s:214:12:214:36":63,"s:216:8:216:40":64,"f:228:11:228:23":14,"s:229:8:229:34":65}}}
,"D:\\code\\gopherwood\\platypus\\src\\Data.js": {"path":"D:\\code\\gopherwood\\platypus\\src\\Data.js","statementMap":{"0":{"start":{"line":12,"column":11},"end":{"line":35,"column":5}},"1":{"start":{"line":13,"column":16},"end":{"line":13,"column":32}},"2":{"start":{"line":15,"column":8},"end":{"line":34,"column":9}},"3":{"start":{"line":16,"column":12},"end":{"line":33,"column":13}},"4":{"start":{"line":17,"column":16},"end":{"line":20,"column":17}},"5":{"start":{"line":18,"column":20},"end":{"line":18,"column":35}},"6":{"start":{"line":19,"column":20},"end":{"line":19,"column":27}},"7":{"start":{"line":21,"column":16},"end":{"line":24,"column":17}},"8":{"start":{"line":22,"column":20},"end":{"line":22,"column":62}},"9":{"start":{"line":23,"column":20},"end":{"line":23,"column":27}},"10":{"start":{"line":27,"column":27},"end":{"line":27,"column":45}},"11":{"start":{"line":28,"column":24},"end":{"line":28,"column":35}},"12":{"start":{"line":30,"column":16},"end":{"line":32,"column":17}},"13":{"start":{"line":31,"column":20},"end":{"line":31,"column":51}},"14":{"start":{"line":54,"column":0},"end":{"line":62,"column":9}},"15":{"start":{"line":56,"column":15},"end":{"line":56,"column":32}},"16":{"start":{"line":57,"column":12},"end":{"line":57,"column":23}},"17":{"start":{"line":59,"column":4},"end":{"line":61,"column":5}},"18":{"start":{"line":60,"column":8},"end":{"line":60,"column":29}}},"fnMap":{"0":{"name":"(anonymous_0)","decl":{"start":{"line":12,"column":11},"end":{"line":12,"column":19}},"loc":{"start":{"line":12,"column":28},"end":{"line":35,"column":5}},"line":12},"1":{"name":"(anonymous_1)","decl":{"start":{"line":54,"column":32},"end":{"line":54,"column":40}},"loc":{"start":{"line":54,"column":44},"end":{"line":62,"column":1}},"line":54}},"branchMap":{"0":{"loc":{"start":{"line":15,"column":8},"end":{"line":34,"column":9}},"type":"if","locations":[{"start":{"line":15,"column":8},"end":{"line":34,"column":9}},{"start":{},"end":{}}],"line":15},"1":{"loc":{"start":{"line":16,"column":12},"end":{"line":33,"column":13}},"type":"if","locations":[{"start":{"line":16,"column":12},"end":{"line":33,"column":13}},{"start":{"line":25,"column":19},"end":{"line":33,"column":13}}],"line":16},"2":{"loc":{"start":{"line":17,"column":16},"end":{"line":20,"column":17}},"type":"if","locations":[{"start":{"line":17,"column":16},"end":{"line":20,"column":17}},{"start":{},"end":{}}],"line":17}},"s":{"0":4,"1":338,"2":338,"3":315,"4":314,"5":0,"6":0,"7":314,"8":661,"9":661,"10":1,"11":1,"12":1,"13":2,"14":4,"15":270,"16":270,"17":270,"18":564},"f":{"0":338,"1":270},"b":{"0":[315,23],"1":[314,1],"2":[0,314]},"meta":{"lastBranch":3,"lastFunction":2,"lastStatement":19,"seen":{"s:12:11:35:5":0,"f:12:11:12:19":0,"s:13:16:13:32":1,"b:15:8:34:9:undefined:undefined:undefined:undefined":0,"s:15:8:34:9":2,"b:16:12:33:13:25:19:33:13":1,"s:16:12:33:13":3,"b:17:16:20:17:undefined:undefined:undefined:undefined":2,"s:17:16:20:17":4,"s:18:20:18:35":5,"s:19:20:19:27":6,"s:21:16:24:17":7,"s:22:20:22:62":8,"s:23:20:23:27":9,"s:27:27:27:45":10,"s:28:24:28:35":11,"s:30:16:32:17":12,"s:31:20:31:51":13,"s:54:0:62:9":14,"f:54:32:54:40":1,"s:56:15:56:32":15,"s:57:12:57:23":16,"s:59:4:61:5":17,"s:60:8:60:29":18}}}
,"D:\\code\\gopherwood\\platypus\\src\\DataMap.js": {"path":"D:\\code\\gopherwood\\platypus\\src\\DataMap.js","statementMap":{"0":{"start":{"line":6,"column":13},"end":{"line":14,"column":5}},"1":{"start":{"line":7,"column":8},"end":{"line":12,"column":9}},"2":{"start":{"line":8,"column":12},"end":{"line":10,"column":13}},"3":{"start":{"line":9,"column":16},"end":{"line":9,"column":31}},"4":{"start":{"line":11,"column":12},"end":{"line":11,"column":33}},"5":{"start":{"line":13,"column":8},"end":{"line":13,"column":21}},"6":{"start":{"line":15,"column":16},"end":{"line":26,"column":5}},"7":{"start":{"line":17,"column":16},"end":{"line":17,"column":33}},"8":{"start":{"line":18,"column":20},"end":{"line":18,"column":33}},"9":{"start":{"line":20,"column":8},"end":{"line":23,"column":9}},"10":{"start":{"line":21,"column":11},"end":{"line":21,"column":33}},"11":{"start":{"line":22,"column":12},"end":{"line":22,"column":29}},"12":{"start":{"line":25,"column":8},"end":{"line":25,"column":21}},"13":{"start":{"line":27,"column":15},"end":{"line":34,"column":5}},"14":{"start":{"line":28,"column":16},"end":{"line":28,"column":27}},"15":{"start":{"line":30,"column":8},"end":{"line":32,"column":9}},"16":{"start":{"line":31,"column":12},"end":{"line":31,"column":33}},"17":{"start":{"line":33,"column":8},"end":{"line":33,"column":24}},"18":{"start":{"line":35,"column":16},"end":{"line":48,"column":5}},"19":{"start":{"line":37,"column":19},"end":{"line":37,"column":21}},"20":{"start":{"line":38,"column":16},"end":{"line":38,"column":27}},"21":{"start":{"line":40,"column":8},"end":{"line":45,"column":9}},"22":{"start":{"line":42,"column":22},"end":{"line":42,"column":29}},"23":{"start":{"line":44,"column":12},"end":{"line":44,"column":38}},"24":{"start":{"line":47,"column":8},"end":{"line":47,"column":20}},"25":{"start":{"line":49,"column":17},"end":{"line":71,"column":5}},"26":{"start":{"line":81,"column":14},"end":{"line":181,"column":5}},"27":{"start":{"line":82,"column":8},"end":{"line":149,"column":9}},"28":{"start":{"line":84,"column":21},"end":{"line":84,"column":31}},"29":{"start":{"line":85,"column":22},"end":{"line":85,"column":42}},"30":{"start":{"line":94,"column":23},"end":{"line":94,"column":57}},"31":{"start":{"line":103,"column":12},"end":{"line":103,"column":45}},"32":{"start":{"line":112,"column":12},"end":{"line":112,"column":45}},"33":{"start":{"line":122,"column":12},"end":{"line":122,"column":50}},"34":{"start":{"line":131,"column":12},"end":{"line":131,"column":56}},"35":{"start":{"line":138,"column":12},"end":{"line":138,"column":54}},"36":{"start":{"line":146,"column":12},"end":{"line":146,"column":56}},"37":{"start":{"line":148,"column":12},"end":{"line":148,"column":46}},"38":{"start":{"line":151,"column":8},"end":{"line":180,"column":9}},"39":{"start":{"line":152,"column":12},"end":{"line":179,"column":13}},"40":{"start":{"line":153,"column":24},"end":{"line":153,"column":40}},"41":{"start":{"line":155,"column":16},"end":{"line":158,"column":17}},"42":{"start":{"line":156,"column":20},"end":{"line":156,"column":27}},"43":{"start":{"line":157,"column":20},"end":{"line":157,"column":49}},"44":{"start":{"line":159,"column":16},"end":{"line":162,"column":17}},"45":{"start":{"line":160,"column":20},"end":{"line":160,"column":27}},"46":{"start":{"line":161,"column":20},"end":{"line":161,"column":61}},"47":{"start":{"line":163,"column":19},"end":{"line":179,"column":13}},"48":{"start":{"line":165,"column":27},"end":{"line":165,"column":37}},"49":{"start":{"line":166,"column":24},"end":{"line":166,"column":35}},"50":{"start":{"line":168,"column":16},"end":{"line":170,"column":17}},"51":{"start":{"line":169,"column":20},"end":{"line":169,"column":58}},"52":{"start":{"line":173,"column":27},"end":{"line":173,"column":45}},"53":{"start":{"line":174,"column":24},"end":{"line":174,"column":35}},"54":{"start":{"line":176,"column":16},"end":{"line":178,"column":17}},"55":{"start":{"line":177,"column":20},"end":{"line":177,"column":54}},"56":{"start":{"line":200,"column":0},"end":{"line":202,"column":9}},"57":{"start":{"line":201,"column":4},"end":{"line":201,"column":17}}},"fnMap":{"0":{"name":"(anonymous_0)","decl":{"start":{"line":6,"column":13},"end":{"line":6,"column":21}},"loc":{"start":{"line":6,"column":41},"end":{"line":14,"column":5}},"line":6},"1":{"name":"(anonymous_1)","decl":{"start":{"line":15,"column":16},"end":{"line":15,"column":24}},"loc":{"start":{"line":15,"column":37},"end":{"line":26,"column":5}},"line":15},"2":{"name":"(anonymous_2)","decl":{"start":{"line":27,"column":15},"end":{"line":27,"column":23}},"loc":{"start":{"line":27,"column":31},"end":{"line":34,"column":5}},"line":27},"3":{"name":"(anonymous_3)","decl":{"start":{"line":35,"column":16},"end":{"line":35,"column":24}},"loc":{"start":{"line":35,"column":32},"end":{"line":48,"column":5}},"line":35},"4":{"name":"(anonymous_4)","decl":{"start":{"line":81,"column":14},"end":{"line":81,"column":22}},"loc":{"start":{"line":81,"column":31},"end":{"line":181,"column":5}},"line":81},"5":{"name":"(anonymous_5)","decl":{"start":{"line":200,"column":41},"end":{"line":200,"column":49}},"loc":{"start":{"line":200,"column":53},"end":{"line":202,"column":1}},"line":200}},"branchMap":{"0":{"loc":{"start":{"line":7,"column":8},"end":{"line":12,"column":9}},"type":"if","locations":[{"start":{"line":7,"column":8},"end":{"line":12,"column":9}},{"start":{},"end":{}}],"line":7},"1":{"loc":{"start":{"line":8,"column":12},"end":{"line":10,"column":13}},"type":"if","locations":[{"start":{"line":8,"column":12},"end":{"line":10,"column":13}},{"start":{},"end":{}}],"line":8},"2":{"loc":{"start":{"line":20,"column":8},"end":{"line":23,"column":9}},"type":"if","locations":[{"start":{"line":20,"column":8},"end":{"line":23,"column":9}},{"start":{},"end":{}}],"line":20},"3":{"loc":{"start":{"line":82,"column":8},"end":{"line":149,"column":9}},"type":"if","locations":[{"start":{"line":82,"column":8},"end":{"line":149,"column":9}},{"start":{},"end":{}}],"line":82},"4":{"loc":{"start":{"line":151,"column":8},"end":{"line":180,"column":9}},"type":"if","locations":[{"start":{"line":151,"column":8},"end":{"line":180,"column":9}},{"start":{},"end":{}}],"line":151},"5":{"loc":{"start":{"line":152,"column":12},"end":{"line":179,"column":13}},"type":"if","locations":[{"start":{"line":152,"column":12},"end":{"line":179,"column":13}},{"start":{"line":163,"column":19},"end":{"line":179,"column":13}}],"line":152},"6":{"loc":{"start":{"line":155,"column":16},"end":{"line":158,"column":17}},"type":"if","locations":[{"start":{"line":155,"column":16},"end":{"line":158,"column":17}},{"start":{},"end":{}}],"line":155},"7":{"loc":{"start":{"line":163,"column":19},"end":{"line":179,"column":13}},"type":"if","locations":[{"start":{"line":163,"column":19},"end":{"line":179,"column":13}},{"start":{"line":171,"column":19},"end":{"line":179,"column":13}}],"line":163}},"s":{"0":3,"1":50,"2":49,"3":48,"4":49,"5":50,"6":3,"7":1,"8":1,"9":1,"10":1,"11":1,"12":1,"13":3,"14":5,"15":5,"16":7,"17":5,"18":3,"19":1,"20":1,"21":1,"22":2,"23":2,"24":1,"25":3,"26":3,"27":24,"28":22,"29":22,"30":22,"31":22,"32":22,"33":22,"34":22,"35":22,"36":22,"37":22,"38":24,"39":20,"40":1,"41":1,"42":0,"43":0,"44":1,"45":2,"46":2,"47":19,"48":0,"49":0,"50":0,"51":0,"52":19,"53":19,"54":19,"55":36,"56":3,"57":2},"f":{"0":50,"1":1,"2":5,"3":1,"4":24,"5":2},"b":{"0":[49,1],"1":[48,1],"2":[1,0],"3":[22,2],"4":[20,4],"5":[1,19],"6":[0,1],"7":[0,19]},"meta":{"lastBranch":8,"lastFunction":6,"lastStatement":58,"seen":{"s:6:13:14:5":0,"f:6:13:6:21":0,"b:7:8:12:9:undefined:undefined:undefined:undefined":0,"s:7:8:12:9":1,"b:8:12:10:13:undefined:undefined:undefined:undefined":1,"s:8:12:10:13":2,"s:9:16:9:31":3,"s:11:12:11:33":4,"s:13:8:13:21":5,"s:15:16:26:5":6,"f:15:16:15:24":1,"s:17:16:17:33":7,"s:18:20:18:33":8,"b:20:8:23:9:undefined:undefined:undefined:undefined":2,"s:20:8:23:9":9,"s:21:11:21:33":10,"s:22:12:22:29":11,"s:25:8:25:21":12,"s:27:15:34:5":13,"f:27:15:27:23":2,"s:28:16:28:27":14,"s:30:8:32:9":15,"s:31:12:31:33":16,"s:33:8:33:24":17,"s:35:16:48:5":18,"f:35:16:35:24":3,"s:37:19:37:21":19,"s:38:16:38:27":20,"s:40:8:45:9":21,"s:42:22:42:29":22,"s:44:12:44:38":23,"s:47:8:47:20":24,"s:49:17:71:5":25,"s:81:14:181:5":26,"f:81:14:81:22":4,"b:82:8:149:9:undefined:undefined:undefined:undefined":3,"s:82:8:149:9":27,"s:84:21:84:31":28,"s:85:22:85:42":29,"s:94:23:94:57":30,"s:103:12:103:45":31,"s:112:12:112:45":32,"s:122:12:122:50":33,"s:131:12:131:56":34,"s:138:12:138:54":35,"s:146:12:146:56":36,"s:148:12:148:46":37,"b:151:8:180:9:undefined:undefined:undefined:undefined":4,"s:151:8:180:9":38,"b:152:12:179:13:163:19:179:13":5,"s:152:12:179:13":39,"s:153:24:153:40":40,"b:155:16:158:17:undefined:undefined:undefined:undefined":6,"s:155:16:158:17":41,"s:156:20:156:27":42,"s:157:20:157:49":43,"s:159:16:162:17":44,"s:160:20:160:27":45,"s:161:20:161:61":46,"b:163:19:179:13:171:19:179:13":7,"s:163:19:179:13":47,"s:165:27:165:37":48,"s:166:24:166:35":49,"s:168:16:170:17":50,"s:169:20:169:58":51,"s:173:27:173:45":52,"s:174:24:174:35":53,"s:176:16:178:17":54,"s:177:20:177:54":55,"s:200:0:202:9":56,"f:200:41:200:49":5,"s:201:4:201:17":57}}}
,"D:\\code\\gopherwood\\platypus\\src\\Entity.js": {"path":"D:\\code\\gopherwood\\platypus\\src\\Entity.js","statementMap":{"0":{"start":{"line":8,"column":16},"end":{"line":8,"column":18}},"1":{"start":{"line":9,"column":24},"end":{"line":26,"column":5}},"2":{"start":{"line":11,"column":21},"end":{"line":11,"column":40}},"3":{"start":{"line":13,"column":8},"end":{"line":25,"column":9}},"4":{"start":{"line":14,"column":12},"end":{"line":18,"column":13}},"5":{"start":{"line":15,"column":16},"end":{"line":15,"column":28}},"6":{"start":{"line":16,"column":19},"end":{"line":18,"column":13}},"7":{"start":{"line":17,"column":16},"end":{"line":17,"column":49}},"8":{"start":{"line":19,"column":15},"end":{"line":25,"column":9}},"9":{"start":{"line":20,"column":12},"end":{"line":20,"column":61}},"10":{"start":{"line":21,"column":15},"end":{"line":25,"column":9}},"11":{"start":{"line":22,"column":12},"end":{"line":22,"column":39}},"12":{"start":{"line":24,"column":12},"end":{"line":24,"column":24}},"13":{"start":{"line":79,"column":8},"end":{"line":79,"column":16}},"14":{"start":{"line":82,"column":28},"end":{"line":82,"column":158}},"15":{"start":{"line":82,"column":64},"end":{"line":82,"column":158}},"16":{"start":{"line":82,"column":89},"end":{"line":82,"column":157}},"17":{"start":{"line":83,"column":29},"end":{"line":83,"column":47}},"18":{"start":{"line":84,"column":26},"end":{"line":84,"column":44}},"19":{"start":{"line":85,"column":22},"end":{"line":85,"column":34}},"20":{"start":{"line":87,"column":8},"end":{"line":87,"column":46}},"21":{"start":{"line":88,"column":8},"end":{"line":88,"column":35}},"22":{"start":{"line":90,"column":8},"end":{"line":90,"column":46}},"23":{"start":{"line":91,"column":8},"end":{"line":106,"column":9}},"24":{"start":{"line":92,"column":12},"end":{"line":99,"column":13}},"25":{"start":{"line":94,"column":24},"end":{"line":94,"column":80}},"26":{"start":{"line":96,"column":16},"end":{"line":98,"column":17}},"27":{"start":{"line":97,"column":20},"end":{"line":97,"column":49}},"28":{"start":{"line":101,"column":12},"end":{"line":103,"column":13}},"29":{"start":{"line":102,"column":16},"end":{"line":102,"column":41}},"30":{"start":{"line":104,"column":12},"end":{"line":104,"column":61}},"31":{"start":{"line":105,"column":12},"end":{"line":105,"column":38}},"32":{"start":{"line":108,"column":8},"end":{"line":108,"column":44}},"33":{"start":{"line":109,"column":8},"end":{"line":109,"column":45}},"34":{"start":{"line":110,"column":8},"end":{"line":112,"column":11}},"35":{"start":{"line":111,"column":12},"end":{"line":111,"column":44}},"36":{"start":{"line":114,"column":8},"end":{"line":114,"column":48}},"37":{"start":{"line":115,"column":8},"end":{"line":115,"column":42}},"38":{"start":{"line":117,"column":8},"end":{"line":119,"column":9}},"39":{"start":{"line":118,"column":12},"end":{"line":118,"column":33}},"40":{"start":{"line":121,"column":8},"end":{"line":125,"column":10}},"41":{"start":{"line":122,"column":12},"end":{"line":122,"column":58}},"42":{"start":{"line":124,"column":12},"end":{"line":124,"column":22}},"43":{"start":{"line":127,"column":8},"end":{"line":151,"column":9}},"44":{"start":{"line":128,"column":12},"end":{"line":150,"column":13}},"45":{"start":{"line":128,"column":25},"end":{"line":128,"column":26}},"46":{"start":{"line":130,"column":42},"end":{"line":130,"column":65}},"47":{"start":{"line":132,"column":16},"end":{"line":149,"column":17}},"48":{"start":{"line":133,"column":20},"end":{"line":148,"column":21}},"49":{"start":{"line":135,"column":45},"end":{"line":135,"column":83}},"50":{"start":{"line":137,"column":24},"end":{"line":141,"column":25}},"51":{"start":{"line":138,"column":28},"end":{"line":138,"column":100}},"52":{"start":{"line":140,"column":28},"end":{"line":140,"column":161}},"53":{"start":{"line":142,"column":27},"end":{"line":148,"column":21}},"54":{"start":{"line":143,"column":24},"end":{"line":143,"column":102}},"55":{"start":{"line":144,"column":27},"end":{"line":148,"column":21}},"56":{"start":{"line":145,"column":24},"end":{"line":145,"column":80}},"57":{"start":{"line":147,"column":24},"end":{"line":147,"column":141}},"58":{"start":{"line":152,"column":8},"end":{"line":173,"column":11}},"59":{"start":{"line":153,"column":12},"end":{"line":153,"column":42}},"60":{"start":{"line":156,"column":12},"end":{"line":156,"column":32}},"61":{"start":{"line":157,"column":12},"end":{"line":157,"column":37}},"62":{"start":{"line":158,"column":12},"end":{"line":160,"column":13}},"63":{"start":{"line":158,"column":25},"end":{"line":158,"column":26}},"64":{"start":{"line":159,"column":16},"end":{"line":159,"column":33}},"65":{"start":{"line":161,"column":12},"end":{"line":161,"column":44}},"66":{"start":{"line":168,"column":12},"end":{"line":168,"column":38}},"67":{"start":{"line":170,"column":12},"end":{"line":172,"column":13}},"68":{"start":{"line":171,"column":16},"end":{"line":171,"column":31}},"69":{"start":{"line":175,"column":8},"end":{"line":175,"column":43}},"70":{"start":{"line":184,"column":8},"end":{"line":184,"column":44}},"71":{"start":{"line":195,"column":33},"end":{"line":195,"column":37}},"72":{"start":{"line":196,"column":25},"end":{"line":199,"column":13}},"73":{"start":{"line":200,"column":25},"end":{"line":202,"column":13}},"74":{"start":{"line":204,"column":8},"end":{"line":209,"column":9}},"75":{"start":{"line":205,"column":12},"end":{"line":205,"column":33}},"76":{"start":{"line":206,"column":12},"end":{"line":206,"column":39}},"77":{"start":{"line":208,"column":12},"end":{"line":208,"column":35}},"78":{"start":{"line":211,"column":8},"end":{"line":218,"column":9}},"79":{"start":{"line":211,"column":21},"end":{"line":211,"column":22}},"80":{"start":{"line":213,"column":23},"end":{"line":213,"column":55}},"81":{"start":{"line":215,"column":12},"end":{"line":217,"column":13}},"82":{"start":{"line":216,"column":16},"end":{"line":216,"column":49}},"83":{"start":{"line":220,"column":8},"end":{"line":220,"column":26}},"84":{"start":{"line":231,"column":8},"end":{"line":231,"column":40}},"85":{"start":{"line":240,"column":8},"end":{"line":240,"column":56}},"86":{"start":{"line":241,"column":8},"end":{"line":241,"column":25}},"87":{"start":{"line":259,"column":8},"end":{"line":278,"column":9}},"88":{"start":{"line":260,"column":12},"end":{"line":268,"column":13}},"89":{"start":{"line":260,"column":25},"end":{"line":260,"column":26}},"90":{"start":{"line":261,"column":16},"end":{"line":267,"column":17}},"91":{"start":{"line":262,"column":20},"end":{"line":262,"column":51}},"92":{"start":{"line":263,"column":19},"end":{"line":263,"column":52}},"93":{"start":{"line":264,"column":20},"end":{"line":264,"column":70}},"94":{"start":{"line":265,"column":20},"end":{"line":265,"column":40}},"95":{"start":{"line":266,"column":20},"end":{"line":266,"column":37}},"96":{"start":{"line":270,"column":12},"end":{"line":277,"column":13}},"97":{"start":{"line":270,"column":25},"end":{"line":270,"column":26}},"98":{"start":{"line":271,"column":16},"end":{"line":276,"column":17}},"99":{"start":{"line":272,"column":19},"end":{"line":272,"column":52}},"100":{"start":{"line":273,"column":20},"end":{"line":273,"column":70}},"101":{"start":{"line":274,"column":20},"end":{"line":274,"column":40}},"102":{"start":{"line":275,"column":20},"end":{"line":275,"column":37}},"103":{"start":{"line":280,"column":8},"end":{"line":280,"column":21}},"104":{"start":{"line":290,"column":8},"end":{"line":290,"column":79}},"105":{"start":{"line":290,"column":48},"end":{"line":290,"column":66}},"106":{"start":{"line":300,"column":8},"end":{"line":300,"column":74}},"107":{"start":{"line":300,"column":50},"end":{"line":300,"column":72}},"108":{"start":{"line":313,"column":19},"end":{"line":313,"column":34}},"109":{"start":{"line":314,"column":18},"end":{"line":314,"column":22}},"110":{"start":{"line":316,"column":8},"end":{"line":324,"column":9}},"111":{"start":{"line":317,"column":24},"end":{"line":317,"column":36}},"112":{"start":{"line":319,"column":12},"end":{"line":319,"column":92}},"113":{"start":{"line":321,"column":12},"end":{"line":323,"column":13}},"114":{"start":{"line":322,"column":16},"end":{"line":322,"column":28}},"115":{"start":{"line":326,"column":8},"end":{"line":326,"column":19}},"116":{"start":{"line":336,"column":19},"end":{"line":336,"column":42}},"117":{"start":{"line":339,"column":8},"end":{"line":344,"column":9}},"118":{"start":{"line":339,"column":21},"end":{"line":339,"column":22}},"119":{"start":{"line":341,"column":22},"end":{"line":341,"column":29}},"120":{"start":{"line":343,"column":12},"end":{"line":343,"column":40}},"121":{"start":{"line":353,"column":25},"end":{"line":353,"column":40}},"122":{"start":{"line":355,"column":8},"end":{"line":370,"column":9}},"123":{"start":{"line":356,"column":12},"end":{"line":359,"column":13}},"124":{"start":{"line":357,"column":16},"end":{"line":357,"column":40}},"125":{"start":{"line":358,"column":16},"end":{"line":358,"column":35}},"126":{"start":{"line":360,"column":12},"end":{"line":360,"column":43}},"127":{"start":{"line":361,"column":12},"end":{"line":361,"column":35}},"128":{"start":{"line":363,"column":12},"end":{"line":363,"column":33}},"129":{"start":{"line":364,"column":12},"end":{"line":364,"column":30}},"130":{"start":{"line":366,"column":12},"end":{"line":366,"column":37}},"131":{"start":{"line":367,"column":12},"end":{"line":367,"column":34}},"132":{"start":{"line":369,"column":12},"end":{"line":369,"column":28}},"133":{"start":{"line":382,"column":8},"end":{"line":402,"column":9}},"134":{"start":{"line":384,"column":29},"end":{"line":384,"column":66}},"135":{"start":{"line":386,"column":12},"end":{"line":389,"column":13}},"136":{"start":{"line":387,"column":16},"end":{"line":387,"column":85}},"137":{"start":{"line":388,"column":16},"end":{"line":388,"column":42}},"138":{"start":{"line":390,"column":12},"end":{"line":396,"column":33}},"139":{"start":{"line":398,"column":12},"end":{"line":401,"column":16}},"140":{"start":{"line":400,"column":49},"end":{"line":400,"column":133}}},"fnMap":{"0":{"name":"(anonymous_0)","decl":{"start":{"line":9,"column":24},"end":{"line":9,"column":32}},"loc":{"start":{"line":9,"column":55},"end":{"line":26,"column":5}},"line":9},"1":{"name":"constructor","decl":{"start":{"line":70,"column":4},"end":{"line":70,"column":15}},"loc":{"start":{"line":77,"column":30},"end":{"line":176,"column":5}},"line":77},"2":{"name":"(anonymous_2)","decl":{"start":{"line":82,"column":28},"end":{"line":82,"column":29}},"loc":{"start":{"line":82,"column":64},"end":{"line":82,"column":158}},"line":82},"3":{"name":"(anonymous_3)","decl":{"start":{"line":82,"column":76},"end":{"line":82,"column":77}},"loc":{"start":{"line":82,"column":89},"end":{"line":82,"column":157}},"line":82},"4":{"name":"(anonymous_4)","decl":{"start":{"line":110,"column":32},"end":{"line":110,"column":33}},"loc":{"start":{"line":110,"column":51},"end":{"line":112,"column":9}},"line":110},"5":{"name":"(anonymous_5)","decl":{"start":{"line":121,"column":43},"end":{"line":121,"column":44}},"loc":{"start":{"line":121,"column":56},"end":{"line":125,"column":9}},"line":121},"6":{"name":"(anonymous_6)","decl":{"start":{"line":152,"column":66},"end":{"line":152,"column":67}},"loc":{"start":{"line":152,"column":72},"end":{"line":173,"column":9}},"line":152},"7":{"name":"toString","decl":{"start":{"line":183,"column":4},"end":{"line":183,"column":12}},"loc":{"start":{"line":183,"column":16},"end":{"line":185,"column":5}},"line":183},"8":{"name":"toJSON","decl":{"start":{"line":193,"column":4},"end":{"line":193,"column":10}},"loc":{"start":{"line":193,"column":31},"end":{"line":221,"column":5}},"line":193},"9":{"name":"addComponent","decl":{"start":{"line":230,"column":4},"end":{"line":230,"column":16}},"loc":{"start":{"line":230,"column":29},"end":{"line":242,"column":5}},"line":230},"10":{"name":"removeComponent","decl":{"start":{"line":251,"column":4},"end":{"line":251,"column":19}},"loc":{"start":{"line":251,"column":32},"end":{"line":281,"column":5}},"line":251},"11":{"name":"getComponentById","decl":{"start":{"line":289,"column":4},"end":{"line":289,"column":20}},"loc":{"start":{"line":289,"column":35},"end":{"line":291,"column":5}},"line":289},"12":{"name":"(anonymous_12)","decl":{"start":{"line":290,"column":38},"end":{"line":290,"column":39}},"loc":{"start":{"line":290,"column":48},"end":{"line":290,"column":66}},"line":290},"13":{"name":"getComponentsByType","decl":{"start":{"line":299,"column":4},"end":{"line":299,"column":23}},"loc":{"start":{"line":299,"column":40},"end":{"line":301,"column":5}},"line":299},"14":{"name":"(anonymous_14)","decl":{"start":{"line":300,"column":38},"end":{"line":300,"column":39}},"loc":{"start":{"line":300,"column":50},"end":{"line":300,"column":72}},"line":300},"15":{"name":"get","decl":{"start":{"line":311,"column":4},"end":{"line":311,"column":7}},"loc":{"start":{"line":311,"column":15},"end":{"line":327,"column":5}},"line":311},"16":{"name":"setProperty","decl":{"start":{"line":334,"column":4},"end":{"line":334,"column":15}},"loc":{"start":{"line":334,"column":29},"end":{"line":345,"column":5}},"line":334},"17":{"name":"destroy","decl":{"start":{"line":351,"column":4},"end":{"line":351,"column":11}},"loc":{"start":{"line":351,"column":15},"end":{"line":371,"column":5}},"line":351},"18":{"name":"getAssetList","decl":{"start":{"line":381,"column":11},"end":{"line":381,"column":23}},"loc":{"start":{"line":381,"column":99},"end":{"line":403,"column":5}},"line":381},"19":{"name":"(anonymous_19)","decl":{"start":{"line":400,"column":34},"end":{"line":400,"column":35}},"loc":{"start":{"line":400,"column":49},"end":{"line":400,"column":133}},"line":400}},"branchMap":{"0":{"loc":{"start":{"line":13,"column":8},"end":{"line":25,"column":9}},"type":"if","locations":[{"start":{"line":13,"column":8},"end":{"line":25,"column":9}},{"start":{"line":19,"column":15},"end":{"line":25,"column":9}}],"line":13},"1":{"loc":{"start":{"line":14,"column":12},"end":{"line":18,"column":13}},"type":"if","locations":[{"start":{"line":14,"column":12},"end":{"line":18,"column":13}},{"start":{"line":16,"column":19},"end":{"line":18,"column":13}}],"line":14},"2":{"loc":{"start":{"line":16,"column":19},"end":{"line":18,"column":13}},"type":"if","locations":[{"start":{"line":16,"column":19},"end":{"line":18,"column":13}},{"start":{},"end":{}}],"line":16},"3":{"loc":{"start":{"line":19,"column":15},"end":{"line":25,"column":9}},"type":"if","locations":[{"start":{"line":19,"column":15},"end":{"line":25,"column":9}},{"start":{"line":21,"column":15},"end":{"line":25,"column":9}}],"line":19},"4":{"loc":{"start":{"line":21,"column":15},"end":{"line":25,"column":9}},"type":"if","locations":[{"start":{"line":21,"column":15},"end":{"line":25,"column":9}},{"start":{"line":23,"column":15},"end":{"line":25,"column":9}}],"line":21},"5":{"loc":{"start":{"line":72,"column":20},"end":{"line":72,"column":42}},"type":"default-arg","locations":[{"start":{"line":72,"column":40},"end":{"line":72,"column":42}}],"line":72},"6":{"loc":{"start":{"line":74,"column":7},"end":{"line":77,"column":10}},"type":"default-arg","locations":[{"start":{"line":77,"column":8},"end":{"line":77,"column":10}}],"line":74},"7":{"loc":{"start":{"line":76,"column":20},"end":{"line":76,"column":43}},"type":"default-arg","locations":[{"start":{"line":76,"column":41},"end":{"line":76,"column":43}}],"line":76},"8":{"loc":{"start":{"line":88,"column":20},"end":{"line":88,"column":34}},"type":"binary-expr","locations":[{"start":{"line":88,"column":20},"end":{"line":88,"column":24}},{"start":{"line":88,"column":28},"end":{"line":88,"column":34}}],"line":88},"9":{"loc":{"start":{"line":90,"column":18},"end":{"line":90,"column":45}},"type":"binary-expr","locations":[{"start":{"line":90,"column":18},"end":{"line":90,"column":20}},{"start":{"line":90,"column":24},"end":{"line":90,"column":45}}],"line":90},"10":{"loc":{"start":{"line":91,"column":8},"end":{"line":106,"column":9}},"type":"if","locations":[{"start":{"line":91,"column":8},"end":{"line":106,"column":9}},{"start":{"line":100,"column":15},"end":{"line":106,"column":9}}],"line":91},"11":{"loc":{"start":{"line":92,"column":12},"end":{"line":99,"column":13}},"type":"if","locations":[{"start":{"line":92,"column":12},"end":{"line":99,"column":13}},{"start":{},"end":{}}],"line":92},"12":{"loc":{"start":{"line":96,"column":16},"end":{"line":98,"column":17}},"type":"if","locations":[{"start":{"line":96,"column":16},"end":{"line":98,"column":17}},{"start":{},"end":{}}],"line":96},"13":{"loc":{"start":{"line":96,"column":20},"end":{"line":96,"column":87}},"type":"binary-expr","locations":[{"start":{"line":96,"column":20},"end":{"line":96,"column":29}},{"start":{"line":96,"column":34},"end":{"line":96,"column":55}},{"start":{"line":96,"column":60},"end":{"line":96,"column":85}}],"line":96},"14":{"loc":{"start":{"line":101,"column":12},"end":{"line":103,"column":13}},"type":"if","locations":[{"start":{"line":101,"column":12},"end":{"line":103,"column":13}},{"start":{},"end":{}}],"line":101},"15":{"loc":{"start":{"line":117,"column":8},"end":{"line":119,"column":9}},"type":"if","locations":[{"start":{"line":117,"column":8},"end":{"line":119,"column":9}},{"start":{},"end":{}}],"line":117},"16":{"loc":{"start":{"line":127,"column":8},"end":{"line":151,"column":9}},"type":"if","locations":[{"start":{"line":127,"column":8},"end":{"line":151,"column":9}},{"start":{},"end":{}}],"line":127},"17":{"loc":{"start":{"line":132,"column":16},"end":{"line":149,"column":17}},"type":"if","locations":[{"start":{"line":132,"column":16},"end":{"line":149,"column":17}},{"start":{},"end":{}}],"line":132},"18":{"loc":{"start":{"line":133,"column":20},"end":{"line":148,"column":21}},"type":"if","locations":[{"start":{"line":133,"column":20},"end":{"line":148,"column":21}},{"start":{"line":142,"column":27},"end":{"line":148,"column":21}}],"line":133},"19":{"loc":{"start":{"line":137,"column":24},"end":{"line":141,"column":25}},"type":"if","locations":[{"start":{"line":137,"column":24},"end":{"line":141,"column":25}},{"start":{"line":139,"column":31},"end":{"line":141,"column":25}}],"line":137},"20":{"loc":{"start":{"line":142,"column":27},"end":{"line":148,"column":21}},"type":"if","locations":[{"start":{"line":142,"column":27},"end":{"line":148,"column":21}},{"start":{"line":144,"column":27},"end":{"line":148,"column":21}}],"line":142},"21":{"loc":{"start":{"line":144,"column":27},"end":{"line":148,"column":21}},"type":"if","locations":[{"start":{"line":144,"column":27},"end":{"line":148,"column":21}},{"start":{"line":146,"column":27},"end":{"line":148,"column":21}}],"line":144},"22":{"loc":{"start":{"line":170,"column":12},"end":{"line":172,"column":13}},"type":"if","locations":[{"start":{"line":170,"column":12},"end":{"line":172,"column":13}},{"start":{},"end":{}}],"line":170},"23":{"loc":{"start":{"line":204,"column":8},"end":{"line":209,"column":9}},"type":"if","locations":[{"start":{"line":204,"column":8},"end":{"line":209,"column":9}},{"start":{"line":207,"column":15},"end":{"line":209,"column":9}}],"line":204},"24":{"loc":{"start":{"line":215,"column":12},"end":{"line":217,"column":13}},"type":"if","locations":[{"start":{"line":215,"column":12},"end":{"line":217,"column":13}},{"start":{},"end":{}}],"line":215},"25":{"loc":{"start":{"line":215,"column":16},"end":{"line":215,"column":41}},"type":"binary-expr","locations":[{"start":{"line":215,"column":16},"end":{"line":215,"column":33}},{"start":{"line":215,"column":37},"end":{"line":215,"column":41}}],"line":215},"26":{"loc":{"start":{"line":259,"column":8},"end":{"line":278,"column":9}},"type":"if","locations":[{"start":{"line":259,"column":8},"end":{"line":278,"column":9}},{"start":{"line":269,"column":15},"end":{"line":278,"column":9}}],"line":259},"27":{"loc":{"start":{"line":261,"column":16},"end":{"line":267,"column":17}},"type":"if","locations":[{"start":{"line":261,"column":16},"end":{"line":267,"column":17}},{"start":{},"end":{}}],"line":261},"28":{"loc":{"start":{"line":271,"column":16},"end":{"line":276,"column":17}},"type":"if","locations":[{"start":{"line":271,"column":16},"end":{"line":276,"column":17}},{"start":{},"end":{}}],"line":271},"29":{"loc":{"start":{"line":290,"column":15},"end":{"line":290,"column":78}},"type":"binary-expr","locations":[{"start":{"line":290,"column":15},"end":{"line":290,"column":70}},{"start":{"line":290,"column":74},"end":{"line":290,"column":78}}],"line":290},"30":{"loc":{"start":{"line":319,"column":18},"end":{"line":319,"column":91}},"type":"binary-expr","locations":[{"start":{"line":319,"column":18},"end":{"line":319,"column":28}},{"start":{"line":319,"column":32},"end":{"line":319,"column":61}},{"start":{"line":319,"column":65},"end":{"line":319,"column":91}}],"line":319},"31":{"loc":{"start":{"line":321,"column":12},"end":{"line":323,"column":13}},"type":"if","locations":[{"start":{"line":321,"column":12},"end":{"line":323,"column":13}},{"start":{},"end":{}}],"line":321},"32":{"loc":{"start":{"line":355,"column":8},"end":{"line":370,"column":9}},"type":"if","locations":[{"start":{"line":355,"column":8},"end":{"line":370,"column":9}},{"start":{},"end":{}}],"line":355},"33":{"loc":{"start":{"line":381,"column":25},"end":{"line":381,"column":84}},"type":"default-arg","locations":[{"start":{"line":381,"column":82},"end":{"line":381,"column":84}}],"line":381},"34":{"loc":{"start":{"line":381,"column":26},"end":{"line":381,"column":41}},"type":"default-arg","locations":[{"start":{"line":381,"column":39},"end":{"line":381,"column":41}}],"line":381},"35":{"loc":{"start":{"line":381,"column":43},"end":{"line":381,"column":55}},"type":"default-arg","locations":[{"start":{"line":381,"column":53},"end":{"line":381,"column":55}}],"line":381},"36":{"loc":{"start":{"line":381,"column":57},"end":{"line":381,"column":72}},"type":"default-arg","locations":[{"start":{"line":381,"column":70},"end":{"line":381,"column":72}}],"line":381},"37":{"loc":{"start":{"line":382,"column":8},"end":{"line":402,"column":9}},"type":"if","locations":[{"start":{"line":382,"column":8},"end":{"line":402,"column":9}},{"start":{"line":397,"column":15},"end":{"line":402,"column":9}}],"line":382},"38":{"loc":{"start":{"line":386,"column":12},"end":{"line":389,"column":13}},"type":"if","locations":[{"start":{"line":386,"column":12},"end":{"line":389,"column":13}},{"start":{},"end":{}}],"line":386},"39":{"loc":{"start":{"line":394,"column":23},"end":{"line":394,"column":47}},"type":"binary-expr","locations":[{"start":{"line":394,"column":23},"end":{"line":394,"column":41}},{"start":{"line":394,"column":45},"end":{"line":394,"column":47}}],"line":394},"40":{"loc":{"start":{"line":400,"column":49},"end":{"line":400,"column":133}},"type":"binary-expr","locations":[{"start":{"line":400,"column":49},"end":{"line":400,"column":127}},{"start":{"line":400,"column":131},"end":{"line":400,"column":133}}],"line":400}},"s":{"0":1,"1":1,"2":0,"3":0,"4":0,"5":0,"6":0,"7":0,"8":0,"9":0,"10":0,"11":0,"12":0,"13":0,"14":0,"15":0,"16":0,"17":0,"18":0,"19":0,"20":0,"21":0,"22":0,"23":0,"24":0,"25":0,"26":0,"27":0,"28":0,"29":0,"30":0,"31":0,"32":0,"33":0,"34":0,"35":0,"36":0,"37":0,"38":0,"39":0,"40":0,"41":0,"42":0,"43":0,"44":0,"45":0,"46":0,"47":0,"48":0,"49":0,"50":0,"51":0,"52":0,"53":0,"54":0,"55":0,"56":0,"57":0,"58":0,"59":0,"60":0,"61":0,"62":0,"63":0,"64":0,"65":0,"66":0,"67":0,"68":0,"69":0,"70":0,"71":0,"72":0,"73":0,"74":0,"75":0,"76":0,"77":0,"78":0,"79":0,"80":0,"81":0,"82":0,"83":0,"84":0,"85":0,"86":0,"87":0,"88":0,"89":0,"90":0,"91":0,"92":0,"93":0,"94":0,"95":0,"96":0,"97":0,"98":0,"99":0,"100":0,"101":0,"102":0,"103":0,"104":0,"105":0,"106":0,"107":0,"108":0,"109":0,"110":0,"111":0,"112":0,"113":0,"114":0,"115":0,"116":0,"117":0,"118":0,"119":0,"120":0,"121":0,"122":0,"123":0,"124":0,"125":0,"126":0,"127":0,"128":0,"129":0,"130":0,"131":0,"132":0,"133":0,"134":0,"135":0,"136":0,"137":0,"138":0,"139":0,"140":0},"f":{"0":0,"1":0,"2":0,"3":0,"4":0,"5":0,"6":0,"7":0,"8":0,"9":0,"10":0,"11":0,"12":0,"13":0,"14":0,"15":0,"16":0,"17":0,"18":1,"19":0},"b":{"0":[0,0],"1":[0,0],"2":[0,0],"3":[0,0],"4":[0,0],"5":[0],"6":[0],"7":[0],"8":[0,0],"9":[0,0],"10":[0,0],"11":[0,0],"12":[0,0],"13":[0,0,0],"14":[0,0],"15":[0,0],"16":[0,0],"17":[0,0],"18":[0,0],"19":[0,0],"20":[0,0],"21":[0,0],"22":[0,0],"23":[0,0],"24":[0,0],"25":[0,0],"26":[0,0],"27":[0,0],"28":[0,0],"29":[0,0],"30":[0,0,0],"31":[0,0],"32":[0,0],"33":[0],"34":[0],"35":[0],"36":[0],"37":[0,0],"38":[0,0],"39":[0,0],"40":[0,0]},"meta":{"lastBranch":41,"lastFunction":20,"lastStatement":141,"seen":{"s:8:16:8:18":0,"s:9:24:26:5":1,"f:9:24:9:32":0,"s:11:21:11:40":2,"b:13:8:25:9:19:15:25:9":0,"s:13:8:25:9":3,"b:14:12:18:13:16:19:18:13":1,"s:14:12:18:13":4,"s:15:16:15:28":5,"b:16:19:18:13:undefined:undefined:undefined:undefined":2,"s:16:19:18:13":6,"s:17:16:17:49":7,"b:19:15:25:9:21:15:25:9":3,"s:19:15:25:9":8,"s:20:12:20:61":9,"b:21:15:25:9:23:15:25:9":4,"s:21:15:25:9":10,"s:22:12:22:39":11,"s:24:12:24:24":12,"f:70:4:70:15":1,"b:72:40:72:42":5,"b:77:8:77:10":6,"b:76:41:76:43":7,"s:79:8:79:16":13,"s:82:28:82:158":14,"f:82:28:82:29":2,"s:82:64:82:158":15,"f:82:76:82:77":3,"s:82:89:82:157":16,"s:83:29:83:47":17,"s:84:26:84:44":18,"s:85:22:85:34":19,"s:87:8:87:46":20,"s:88:8:88:35":21,"b:88:20:88:24:88:28:88:34":8,"s:90:8:90:46":22,"b:90:18:90:20:90:24:90:45":9,"b:91:8:106:9:100:15:106:9":10,"s:91:8:106:9":23,"b:92:12:99:13:undefined:undefined:undefined:undefined":11,"
[...]
efined:undefined:undefined:undefined":18,"s:370:12:372:13":90,"s:371:16:371:43":91,"b:373:12:384:13:undefined:undefined:undefined:undefined":19,"s:373:12:384:13":92,"s:375:26:378:21":93,"s:380:16:380:67":94,"s:382:16:382:39":95,"s:383:16:383:30":96,"s:385:12:385:41":97,"f:388:8:388:21":11,"b:389:12:403:13:undefined:undefined:undefined:undefined":20,"s:389:12:403:13":98,"s:391:33:391:49":99,"b:393:16:396:17:undefined:undefined:undefined:undefined":21,"s:393:16:396:17":100,"s:394:20:394:54":101,"s:395:20:395:59":102,"s:397:16:397:46":103,"s:398:16:398:55":104,"s:399:16:399:55":105,"s:400:16:400:53":106,"s:401:16:401:53":107,"s:402:16:402:50":108,"f:406:8:406:19":12,"b:407:12:413:13:undefined:undefined:undefined:undefined":22,"s:407:12:413:13":109,"b:408:16:412:17:undefined:undefined:undefined:undefined":23,"s:408:16:412:17":110,"s:409:20:409:47":111,"s:410:20:410:44":112,"s:411:20:411:54":113,"f:416:8:416:17":13,"b:417:12:423:13:undefined:undefined:undefined:undefined":24,"s:417:12:423:13":114,"s:418:16:418:34":115,"b:419:16:422:17:undefined:undefined:undefined:undefined":25,"s:419:16:422:17":116,"s:420:20:420:45":117,"s:421:20:421:54":118,"f:426:8:426:14":14,"b:427:12:429:13:undefined:undefined:undefined:undefined":26,"s:427:12:429:13":119,"b:427:17:427:42:427:47:427:85":27,"s:428:16:428:43":120,"b:432:12:435:13:undefined:undefined:undefined:undefined":28,"s:432:12:435:13":121,"s:433:16:433:54":122,"s:434:16:434:55":123,"b:438:12:442:13:undefined:undefined:undefined:undefined":29,"s:438:12:442:13":124,"b:438:17:438:52:438:58:438:95":30,"s:439:16:439:30":125,"s:440:16:440:50":126,"s:441:16:441:52":127,"b:444:12:458:13:undefined:undefined:undefined:undefined":31,"s:444:12:458:13":128,"s:445:33:445:58":129,"s:447:16:447:43":130,"s:448:16:448:47":131,"s:449:16:449:88":132,"b:451:16:453:17:undefined:undefined:undefined:undefined":32,"s:451:16:453:17":133,"s:452:20:452:136":134,"b:455:16:457:17:undefined:undefined:undefined:undefined":33,"s:455:16:457:17":135,"s:456:20:456:136":136,"s:460:12:460:34":137,"b:462:12:464:13:undefined:undefined:undefined:undefined":34,"s:462:12:464:13":138,"s:463:16:463:47":139,"f:477:8:477:23":15,"b:477:48:477:50":35,"b:477:66:477:71":36,"s:479:46:479:56":140,"s:480:31:480:68":141,"b:480:31:480:42:480:46:480:68":37,"b:482:12:503:13:493:19:503:13":38,"s:482:12:503:13":142,"s:484:28:484:51":143,"s:486:16:486:48":144,"b:487:16:489:17:undefined:undefined:undefined:undefined":39,"s:487:16:489:17":145,"s:488:20:488:39":146,"s:490:16:492:27":147,"f:490:31:490:32":16,"s:491:20:491:34":148,"b:494:16:497:17:undefined:undefined:undefined:undefined":40,"s:494:16:497:17":149,"b:494:20:494:25:494:29:494:35":41,"s:495:20:495:50":150,"s:496:20:496:52":151,"b:498:16:501:17:undefined:undefined:undefined:undefined":42,"s:498:16:501:17":152,"s:499:20:499:58":153,"s:500:20:500:59":154,"s:502:16:502:30":155,"b:504:12:514:13:undefined:undefined:undefined:undefined":43,"s:504:12:514:13":156,"s:505:16:505:38":157,"s:513:16:513:57":158,"f:527:8:527:18":17,"b:528:12:541:13:539:19:541:13":44,"s:528:12:541:13":159,"s:530:30:530:55":160,"s:531:24:531:58":161,"s:532:28:532:48":162,"s:534:16:534:72":163,"b:535:16:537:17:undefined:undefined:undefined:undefined":45,"s:535:16:537:17":164,"s:536:20:536:48":165,"s:538:16:538:140":166,"f:538:31:538:32":18,"s:538:37:538:104":167,"b:538:60:538:81:538:85:538:104":46,"f:538:113:538:114":19,"s:538:119:538:130":168,"b:539:19:541:13:undefined:undefined:undefined:undefined":47,"s:539:19:541:13":169,"s:540:16:540:43":170,"f:544:8:544:16":20,"s:545:12:545:29":171,"f:559:8:559:15":21,"b:559:33:559:35":48,"s:561:26:561:45":172,"b:561:26:561:40:561:44:561:45":49,"s:562:26:562:45":173,"b:562:26:562:40:562:44:562:45":50,"s:563:26:563:45":174,"b:563:26:563:40:563:44:563:45":51,"s:564:26:564:45":175,"b:564:26:564:40:564:44:564:45":52,"s:565:26:565:30":176,"s:566:26:566:39":177,"b:566:26:566:34:566:38:566:39":53,"s:568:12:568:39":178,"s:570:12:570:38":179,"s:572:12:572:35":180,"s:573:12:573:35":181,"b:575:12:581:13:578:19:581:13":54,"s:575:12:581:13":182,"s:576:16:576:37":183,"s:577:16:577:36":184,"s:579:16:579:52":185,"s:580:16:580:88":186,"b:583:12:589:13:586:19:589:13":55,"s:583:12:589:13":187,"s:584:16:584:37":188,"s:585:16:585:36":189,"s:587:16:587:52":190,"s:588:16:588:88":191,"s:591:12:591:72":192,"f:596:8:596:14":22,"b:596:87:596:89":56,"b:596:35:596:36":57,"b:596:66:596:67":58,"b:596:76:596:77":59,"b:597:12:599:13:undefined:undefined:undefined:undefined":60,"s:597:12:599:13":193,"b:597:16:597:21:597:25:597:29":61,"s:598:16:598:155":194,"s:601:12:601:44":195,"b:604:12:606:22:607:12:612:22:613:12:618:22":62,"s:603:12:619:13":196,"s:605:16:605:39":197,"s:606:16:606:22":198,"b:608:16:611:17:undefined:undefined:undefined:undefined":63,"s:608:16:611:17":199,"b:608:21:608:42:608:48:608:69":64,"s:609:20:609:49":200,"s:610:20:610:47":201,"s:612:16:612:22":202,"b:614:16:617:17:undefined:undefined:undefined:undefined":65,"s:614:16:617:17":203,"b:614:21:614:42:614:48:614:69":66,"s:615:20:615:49":204,"s:616:20:616:47":205,"s:618:16:618:22":206,"f:622:8:622:17":23,"s:624:30:624:65":207,"b:626:12:633:13:undefined:undefined:undefined:undefined":67,"s:626:12:633:13":208,"b:627:16:629:17:undefined:undefined:undefined:undefined":68,"s:627:16:629:17":209,"s:628:20:628:70":210,"s:631:16:631:42":211,"s:632:16:632:40":212,"s:635:12:635:31":213,"f:638:8:638:20":24,"s:640:24:640:52":214,"s:641:31:641:41":215,"b:643:12:648:13:undefined:undefined:undefined:undefined":69,"s:643:12:648:13":216,"s:644:16:644:46":217,"b:645:16:647:17:undefined:undefined:undefined:undefined":70,"s:645:16:647:17":218,"s:646:20:646:41":219,"s:650:12:650:32":220,"f:653:8:653:12":25,"s:655:25:655:38":221,"s:656:25:656:38":222,"s:657:25:657:74":223,"b:657:25:657:36:657:40:657:74":71,"b:657:54:657:68:657:72:657:73":72,"s:659:12:659:46":224,"b:659:19:659:25:659:29:659:35:659:39:659:45":73,"f:666:8:666:16":26,"s:668:28:668:34":225,"s:669:32:669:36":226,"b:671:12:674:13:undefined:undefined:undefined:undefined":74,"s:671:12:674:13":227,"s:672:16:672:57":228,"s:673:16:673:28":229,"s:675:12:675:25":230,"f:678:8:678:20":27,"s:680:136:680:140":231,"s:681:22:681:85":232,"f:681:38:681:39":28,"s:681:63:681:81":233,"s:682:35:682:42":234,"s:683:23:683:74":235,"f:683:39:683:40":29,"s:683:58:683:73":236,"s:684:25:698:18":237,"f:684:25:684:26":30,"s:684:39:698:18":238,"f:684:40:684:41":31,"s:686:32:686:54":239,"b:688:20:690:21:undefined:undefined:undefined:undefined":75,"s:688:20:690:21":240,"s:689:24:689:44":241,"s:691:20:694:22":242,"b:692:56:692:75:692:78:692:79":76,"b:697:47:697:82:697:85:697:86":77,"s:699:30:699:127":243,"f:699:40:699:41":32,"s:699:96:699:101":244,"s:700:30:700:136":245,"f:700:40:700:41":33,"s:700:102:700:107":246,"s:701:30:701:130":247,"f:701:40:701:41":34,"s:701:98:701:103":248,"s:702:30:702:133":249,"f:702:40:702:41":35,"s:702:100:702:105":250,"s:703:29:703:54":251,"s:705:12:705:48":252,"b:706:12:713:13:711:19:713:13":78,"s:706:12:713:13":253,"b:706:16:706:50:706:54:706:90":79,"s:707:16:707:49":254,"s:708:16:708:51":255,"s:709:16:709:40":256,"s:710:16:710:30":257,"s:712:16:712:40":258,"b:715:12:734:13:undefined:undefined:undefined:undefined":80,"s:715:12:734:13":259,"b:716:16:724:17:undefined:undefined:undefined:undefined":81,"s:716:16:724:17":260,"b:717:20:723:21:719:27:723:21":82,"s:717:20:723:21":261,"s:718:24:718:47":262,"b:719:27:723:21:721:27:723:21":83,"s:719:27:723:21":263,"s:720:24:720:76":264,"b:721:27:723:21:undefined:undefined:undefined:undefined":84,"s:721:27:723:21":265,"s:722:24:722:77":266,"b:725:16:733:17:undefined:undefined:undefined:undefined":85,"s:725:16:733:17":267,"b:726:20:732:21:728:27:732:21":86,"s:726:20:732:21":268,"s:727:24:727:47":269,"b:728:27:732:21:730:27:732:21":87,"s:728:27:732:21":270,"s:729:24:729:76":271,"b:730:27:732:21:undefined:undefined:undefined:undefined":88,"s:730:27:732:21":272,"s:731:24:731:79":273,"b:736:12:742:13:739:19:742:13":89,"s:736:12:742:13":274,"s:737:16:737:37":275,"s:738:16:738:29":276,"s:740:16:740:37":277,"s:741:16:741:28":278,"f:745:8:745:24":36,"s:747:54:747:58":279,"s:748:29:748:40":280,"s:749:35:749:49":281,"s:750:36:750:62":282,"b:752:12:756:13:754:19:756:13":90,"s:752:12:756:13":283,"s:753:16:753:68":284,"s:755:16:755:66":285,"f:759:8:759:24":37,"s:761:51:761:55":286,"s:762:35:762:49":287,"s:763:36:763:62":288,"b:765:12:769:13:767:19:769:13":91,"s:765:12:769:13":289,"s:766:16:766:85":290,"s:768:16:768:83":291,"f:772:8:772:14":38,"s:774:75:774:79":292,"s:775:35:775:49":293,"s:776:36:776:62":294,"s:777:38:777:49":295,"s:780:12:780:90":296,"b:782:12:786:13:784:19:786:13":92,"s:782:12:786:13":297,"s:783:16:783:67":298,"s:785:16:785:65":299,"s:788:12:788:76":300,"s:789:12:789:77":301,"s:790:12:790:76":302,"s:791:12:791:77":303,"s:793:12:796:15":304,"s:798:12:798:39":305,"s:800:12:800:41":306,"f:803:32:803:40":39,"s:806:26:813:17":307,"f:806:26:806:34":40,"s:808:44:808:48":308,"s:810:20:810:102":309,"s:811:20:811:43":310,"s:812:20:812:32":311,"s:814:26:821:17":312,"f:814:26:814:34":41,"s:816:44:816:48":313,"s:818:20:818:102":314,"s:819:20:819:43":315,"s:820:20:820:32":316,"s:822:27:839:17":317,"f:822:27:822:35":42,"s:824:57:824:61":318,"s:825:37:825:48":319,"s:826:40:826:55":320,"b:828:20:837:21:undefined:undefined:undefined:undefined":93,"s:828:20:837:21":321,"b:829:24:835:25:831:31:835:25":94,"s:829:24:835:25":322,"s:830:28:830:78":323,"b:831:31:835:25:833:31:835:25":95,"s:831:31:835:25":324,"s:832:28:832:70":325,"s:834:28:834:46":326,"s:836:24:836:36":327,"s:838:20:838:33":328,"s:840:27:857:17":329,"f:840:27:840:35":43,"s:842:57:842:61":330,"s:843:37:843:48":331,"s:844:40:844:55":332,"b:846:20:855:21:undefined:undefined:undefined:undefined":96,"s:846:20:855:21":333,"b:847:24:853:25:849:31:853:25":97,"s:847:24:853:25":334,"s:848:28:848:79":335,"b:849:31:853:25:851:31:853:25":98,"s:849:31:853:25":336,"s:850:28:850:70":337,"s:852:28:852:46":338,"s:854:24:854:36":339,"s:856:20:856:33":340,"s:858:23:868:17":341,"f:858:23:858:31":44,"s:860:51:860:55":342,"s:861:37:861:48":343,"b:863:20:866:21:undefined:undefined:undefined:undefined":99,"s:863:20:866:21":344,"s:864:24:864:42":345,"s:865:24:865:36":346,"s:867:20:867:33":347,"s:869:23:879:17":348,"f:869:23:869:31":45,"s:871:51:871:55":349,"s:872:37:872:48":350,"b:874:20:877:21:undefined:undefined:undefined:undefined":100,"s:874:20:877:21":351,"s:875:24:875:42":352,"s:876:24:876:36":353,"s:878:20:878:33":354,"s:881:12:908:14":355,"f:881:19:881:27":46,"s:883:75:883:79":356,"s:884:33:884:44":357,"s:885:38:885:53":358,"b:887:16:893:17:889:23:893:17":101,"s:887:16:893:17":359,"b:887:20:887:29:887:33:887:39":102,"s:888:20:888:38":360,"b:889:23:893:17:891:23:893:17":103,"s:889:23:893:17":361,"s:890:20:890:41":362,"s:892:20:892:42":363,"b:895:16:901:17:897:23:901:17":104,"s:895:16:901:17":364,"b:895:20:895:29:895:33:895:40":105,"s:896:20:896:38":365,"b:897:23:901:17:899:23:901:17":106,"s:897:23:901:17":366,"s:898:20:898:41":367,"s:900:20:900:42":368,"s:904:16:904:36":369,"s:905:16:905:39":370,"s:906:16:906:39":371,"s:907:16:907:43":372,"f:911:8:911:22":47,"s:913:136:913:140":373,"s:914:29:914:40":374,"s:915:22:922:17":375,"b:920:34:920:49:920:53:920:64":107,"b:924:12:961:13:954:19:961:13":108,"s:924:12:961:13":376,"s:925:16:925:44":377,"s:926:16:926:40":378,"s:929:16:929:38":379,"s:930:16:930:38":380,"s:931:16:931:62":381,"s:932:16:932:63":382,"s:933:16:933:47":383,"s:934:16:934:47":384,"s:935:16:935:53":385,"s:936:16:936:41":386,"s:950:16:950:57":387,"b:951:16:953:17:undefined:undefined:undefined:undefined":109,"s:951:16:953:17":388,"s:952:20:952:71":389,"b:954:19:961:13:undefined:undefined:undefined:undefined":110,"s:954:19:961:13":390,"s:955:16:955:39":391,"s:957:16:957:57":392,"b:958:16:960:17:undefined:undefined:undefined:undefined":111,"s:958:16:960:17":393,"s:959:20:959:71":394,"s:963:12:963:35":395,"s:964:12:964:26":396,"f:967:8:967:15":48,"s:968:12:968:61":397,"s:969:12:969:40":398,"s:970:12:970:34":399,"b:971:12:974:13:undefined:undefined:undefined:undefined":112,"s:971:12:974:13":400,"s:972:16:972:43":401,"s:973:16:973:48":402,"s:976:12:976:36":403,"s:977:12:977:48":404,"s:978:12:978:39":405,"s:979:12:979:43":406,"f:995:8:995:18":49,"s:997:27:997:31":407,"s:999:12:999:156":408,"b:999:19:999:26:999:30:999:155":113,"b:999:33:999:60:999:66:999:89:999:95:999:123:999:129:999:153":114,"f:1011:8:1011:21":50,"s:1013:117:1013:121":409,"s:1014:30:1014:54":410,"b:1014:30:1014:36:1014:40:1014:54":115,"s:1016:12:1016:69":411,"s:1017:12:1017:70":412,"b:1019:12:1022:13:undefined:undefined:undefined:undefined":116,"s:1019:12:1022:13":413,"s:1020:16:1020:91":414,"s:1021:16:1021:90":415,"s:1024:12:1024:31":416,"f:1036:8:1036:21":51,"s:1038:117:1038:121":417,"s:1039:31:1039:55":418,"b:1039:31:1039:37:1039:41:1039:55":117,"s:1041:12:1041:69":419,"s:1042:12:1042:70":420,"b:1044:12:1047:13:undefined:undefined:undefined:undefined":118,"s:1044:12:1047:13":421,"s:1045:16:1045:92":422,"s:1046:16:1046:91":423,"s:1049:12:1049:32":424}}}
,"D:\\code\\gopherwood\\platypus\\src\\utils\\array.js": {"path":"D:\\code\\gopherwood\\platypus\\src\\utils\\array.js","statementMap":{"0":{"start":{"line":3,"column":26},"end":{"line":3,"column":72}},"1":{"start":{"line":15,"column":4},"end":{"line":25,"column":5}},"2":{"start":{"line":15,"column":17},"end":{"line":15,"column":18}},"3":{"start":{"line":16,"column":25},"end":{"line":16,"column":37}},"4":{"start":{"line":18,"column":8},"end":{"line":24,"column":9}},"5":{"start":{"line":19,"column":12},"end":{"line":23,"column":13}},"6":{"start":{"line":19,"column":25},"end":{"line":19,"column":26}},"7":{"start":{"line":20,"column":16},"end":{"line":22,"column":17}},"8":{"start":{"line":21,"column":20},"end":{"line":21,"column":46}},"9":{"start":{"line":27,"column":4},"end":{"line":27,"column":19}},"10":{"start":{"line":39,"column":14},"end":{"line":39,"column":32}},"11":{"start":{"line":40,"column":14},"end":{"line":40,"column":26}},"12":{"start":{"line":42,"column":4},"end":{"line":44,"column":5}},"13":{"start":{"line":42,"column":17},"end":{"line":42,"column":18}},"14":{"start":{"line":43,"column":8},"end":{"line":43,"column":26}},"15":{"start":{"line":46,"column":4},"end":{"line":46,"column":15}},"16":{"start":{"line":59,"column":15},"end":{"line":59,"column":27}},"17":{"start":{"line":60,"column":14},"end":{"line":60,"column":26}},"18":{"start":{"line":62,"column":4},"end":{"line":64,"column":5}},"19":{"start":{"line":63,"column":8},"end":{"line":63,"column":20}},"20":{"start":{"line":66,"column":4},"end":{"line":68,"column":5}},"21":{"start":{"line":66,"column":17},"end":{"line":66,"column":26}},"22":{"start":{"line":67,"column":8},"end":{"line":67,"column":32}},"23":{"start":{"line":70,"column":4},"end":{"line":72,"column":5}},"24":{"start":{"line":71,"column":8},"end":{"line":71,"column":26}},"25":{"start":{"line":74,"column":4},"end":{"line":74,"column":16}}},"fnMap":{"0":{"name":"union","decl":{"start":{"line":13,"column":16},"end":{"line":13,"column":21}},"loc":{"start":{"line":13,"column":46},"end":{"line":28,"column":1}},"line":13},"1":{"name":"greenSlice","decl":{"start":{"line":37,"column":16},"end":{"line":37,"column":26}},"loc":{"start":{"line":37,"column":35},"end":{"line":47,"column":1}},"line":37},"2":{"name":"greenSplice","decl":{"start":{"line":57,"column":16},"end":{"line":57,"column":27}},"loc":{"start":{"line":57,"column":43},"end":{"line":75,"column":null}},"line":57}},"branchMap":{"0":{"loc":{"start":{"line":18,"column":8},"end":{"line":24,"column":9}},"type":"if","locations":[{"start":{"line":18,"column":8},"end":{"line":24,"column":9}},{"start":{},"end":{}}],"line":18},"1":{"loc":{"start":{"line":18,"column":12},"end":{"line":18,"column":39}},"type":"binary-expr","locations":[{"start":{"line":18,"column":12},"end":{"line":18,"column":20}},{"start":{"line":18,"column":24},"end":{"line":18,"column":39}}],"line":18},"2":{"loc":{"start":{"line":20,"column":16},"end":{"line":22,"column":17}},"type":"if","locations":[{"start":{"line":20,"column":16},"end":{"line":22,"column":17}},{"start":{},"end":{}}],"line":20},"3":{"loc":{"start":{"line":62,"column":4},"end":{"line":64,"column":5}},"type":"if","locations":[{"start":{"line":62,"column":4},"end":{"line":64,"column":5}},{"start":{},"end":{}}],"line":62},"4":{"loc":{"start":{"line":62,"column":8},"end":{"line":62,"column":37}},"type":"binary-expr","locations":[{"start":{"line":62,"column":9},"end":{"line":62,"column":18}},{"start":{"line":62,"column":24},"end":{"line":62,"column":36}}],"line":62},"5":{"loc":{"start":{"line":70,"column":4},"end":{"line":72,"column":5}},"type":"if","locations":[{"start":{"line":70,"column":4},"end":{"line":72,"column":5}},{"start":{},"end":{}}],"line":70}},"s":{"0":9,"1":0,"2":0,"3":0,"4":0,"5":0,"6":0,"7":0,"8":0,"9":0,"10":1553,"11":1553,"12":1553,"13":1553,"14":25566,"15":1553,"16":25534,"17":25534,"18":25534,"19":0,"20":25534,"21":25534,"22":222005,"23":25534,"24":25534,"25":25534},"f":{"0":0,"1":1553,"2":25534},"b":{"0":[0,0],"1":[0,0],"2":[0,0],"3":[0,25534],"4":[25534,25534],"5":[25534,0]},"meta":{"lastBranch":6,"lastFunction":3,"lastStatement":26,"seen":{"s:3:26:3:72":0,"f:13:16:13:21":0,"s:15:4:25:5":1,"s:15:17:15:18":2,"s:16:25:16:37":3,"b:18:8:24:9:undefined:undefined:undefined:undefined":0,"s:18:8:24:9":4,"b:18:12:18:20:18:24:18:39":1,"s:19:12:23:13":5,"s:19:25:19:26":6,"b:20:16:22:17:undefined:undefined:undefined:undefined":2,"s:20:16:22:17":7,"s:21:20:21:46":8,"s:27:4:27:19":9,"f:37:16:37:26":1,"s:39:14:39:32":10,"s:40:14:40:26":11,"s:42:4:44:5":12,"s:42:17:42:18":13,"s:43:8:43:26":14,"s:46:4:46:15":15,"f:57:16:57:27":2,"s:59:15:59:27":16,"s:60:14:60:26":17,"b:62:4:64:5:undefined:undefined:undefined:undefined":3,"s:62:4:64:5":18,"b:62:9:62:18:62:24:62:36":4,"s:63:8:63:20":19,"s:66:4:68:5":20,"s:66:17:66:26":21,"s:67:8:67:32":22,"b:70:4:72:5:undefined:undefined:undefined:undefined":5,"s:70:4:72:5":23,"s:71:8:71:26":24,"s:74:4:74:16":25}}}
,"D:\\code\\gopherwood\\platypus\\src\\utils\\string.js": {"path":"D:\\code\\gopherwood\\platypus\\src\\utils\\string.js","statementMap":{"0":{"start":{"line":13,"column":14},"end":{"line":13,"column":32}},"1":{"start":{"line":14,"column":14},"end":{"line":14,"column":29}},"2":{"start":{"line":16,"column":4},"end":{"line":36,"column":5}},"3":{"start":{"line":18,"column":16},"end":{"line":18,"column":31}},"4":{"start":{"line":19,"column":16},"end":{"line":19,"column":37}},"5":{"start":{"line":21,"column":8},"end":{"line":25,"column":9}},"6":{"start":{"line":22,"column":12},"end":{"line":22,"column":39}},"7":{"start":{"line":23,"column":12},"end":{"line":23,"column":36}},"8":{"start":{"line":24,"column":12},"end":{"line":24,"column":38}},"9":{"start":{"line":27,"column":8},"end":{"line":27,"column":22}},"10":{"start":{"line":29,"column":16},"end":{"line":29,"column":26}},"11":{"start":{"line":31,"column":16},"end":{"line":31,"column":21}},"12":{"start":{"line":33,"column":8},"end":{"line":35,"column":9}},"13":{"start":{"line":34,"column":12},"end":{"line":34,"column":33}},"14":{"start":{"line":38,"column":4},"end":{"line":38,"column":15}}},"fnMap":{"0":{"name":"greenSplit","decl":{"start":{"line":11,"column":16},"end":{"line":11,"column":26}},"loc":{"start":{"line":11,"column":44},"end":{"line":39,"column":null}},"line":11}},"branchMap":{"0":{"loc":{"start":{"line":16,"column":4},"end":{"line":36,"column":5}},"type":"if","locations":[{"start":{"line":16,"column":4},"end":{"line":36,"column":5}},{"start":{"line":28,"column":11},"end":{"line":36,"column":5}}],"line":16}},"s":{"0":3,"1":3,"2":3,"3":3,"4":3,"5":3,"6":4,"7":4,"8":4,"9":3,"10":0,"11":0,"12":0,"13":0,"14":3},"f":{"0":3},"b":{"0":[3,0]},"meta":{"lastBranch":1,"lastFunction":1,"lastStatement":15,"seen":{"f:11:16:11:26":0,"s:13:14:13:32":0,"s:14:14:14:29":1,"b:16:4:36:5:28:11:36:5":0,"s:16:4:36:5":2,"s:18:16:18:31":3,"s:19:16:19:37":4,"s:21:8:25:9":5,"s:22:12:22:39":6,"s:23:12:23:36":7,"s:24:12:24:38":8,"s:27:8:27:22":9,"s:29:16:29:26":10,"s:31:16:31:21":11,"s:33:8:35:9":12,"s:34:12:34:33":13,"s:38:4:38:15":14}}}
}
